{"meta": {"format": 3, "version": "7.14.1", "timestamp": "2026-05-28T10:46:37.713064", "branch_coverage": false, "show_contexts": false}, "files": {"C:\\Users\\jkj62.CLRC\\Documents\\GitHub\\laura\\laura\\Exporters\\CATAP.py": {"executed_lines": [], "summary": {"covered_lines": 0, "num_statements": 34, "percent_covered": 0.0, "percent_covered_display": "0", "missing_lines": 34, "excluded_lines": 0, "percent_statements_covered": 0.0, "percent_statements_covered_display": "0"}, "missing_lines": [1, 2, 3, 6, 7, 8, 9, 10, 11, 12, 13, 14, 15, 16, 17, 20, 21, 22, 23, 24, 25, 30, 31, 32, 33, 34, 35, 36, 37, 40, 41, 42, 43, 44], "excluded_lines": [], "functions": {"element_to_CATAP": {"executed_lines": [], "summary": {"covered_lines": 0, "num_statements": 11, "percent_covered": 0.0, "percent_covered_display": "0", "missing_lines": 11, "excluded_lines": 0, "percent_statements_covered": 0.0, "percent_statements_covered_display": "0"}, "missing_lines": [7, 8, 9, 10, 11, 12, 13, 14, 15, 16, 17], "excluded_lines": [], "start_line": 6}, "save_CATAP_file": {"executed_lines": [], "summary": {"covered_lines": 0, "num_statements": 5, "percent_covered": 0.0, "percent_covered_display": "0", "missing_lines": 5, "excluded_lines": 0, "percent_statements_covered": 0.0, "percent_statements_covered_display": "0"}, "missing_lines": [21, 22, 23, 24, 25], "excluded_lines": [], "start_line": 20}, "export_machine": {"executed_lines": [], "summary": {"covered_lines": 0, "num_statements": 7, "percent_covered": 0.0, "percent_covered_display": "0", "missing_lines": 7, "excluded_lines": 0, "percent_statements_covered": 0.0, "percent_statements_covered_display": "0"}, "missing_lines": [31, 32, 33, 34, 35, 36, 37], "excluded_lines": [], "start_line": 30}, "export_machine_dict": {"executed_lines": [], "summary": {"covered_lines": 0, "num_statements": 4, "percent_covered": 0.0, "percent_covered_display": "0", "missing_lines": 4, "excluded_lines": 0, "percent_statements_covered": 0.0, "percent_statements_covered_display": "0"}, "missing_lines": [41, 42, 43, 44], "excluded_lines": [], "start_line": 40}, "": {"executed_lines": [], "summary": {"covered_lines": 0, "num_statements": 7, "percent_covered": 0.0, "percent_covered_display": "0", "missing_lines": 7, "excluded_lines": 0, "percent_statements_covered": 0.0, "percent_statements_covered_display": "0"}, "missing_lines": [1, 2, 3, 6, 20, 30, 40], "excluded_lines": [], "start_line": 1}}, "classes": {"": {"executed_lines": [], "summary": {"covered_lines": 0, "num_statements": 34, "percent_covered": 0.0, "percent_covered_display": "0", "missing_lines": 34, "excluded_lines": 0, "percent_statements_covered": 0.0, "percent_statements_covered_display": "0"}, "missing_lines": [1, 2, 3, 6, 7, 8, 9, 10, 11, 12, 13, 14, 15, 16, 17, 20, 21, 22, 23, 24, 25, 30, 31, 32, 33, 34, 35, 36, 37, 40, 41, 42, 43, 44], "excluded_lines": [], "start_line": 1}}}, "C:\\Users\\jkj62.CLRC\\Documents\\GitHub\\laura\\laura\\Exporters\\Export_CATAP_YAML.py": {"executed_lines": [], "summary": {"covered_lines": 0, "num_statements": 8, "percent_covered": 0.0, "percent_covered_display": "0", "missing_lines": 8, "excluded_lines": 0, "percent_statements_covered": 0.0, "percent_statements_covered_display": "0"}, "missing_lines": [1, 3, 4, 6, 7, 9, 10, 11], "excluded_lines": [], "functions": {"": {"executed_lines": [], "summary": {"covered_lines": 0, "num_statements": 8, "percent_covered": 0.0, "percent_covered_display": "0", "missing_lines": 8, "excluded_lines": 0, "percent_statements_covered": 0.0, "percent_statements_covered_display": "0"}, "missing_lines": [1, 3, 4, 6, 7, 9, 10, 11], "excluded_lines": [], "start_line": 1}}, "classes": {"": {"executed_lines": [], "summary": {"covered_lines": 0, "num_statements": 8, "percent_covered": 0.0, "percent_covered_display": "0", "missing_lines": 8, "excluded_lines": 0, "percent_statements_covered": 0.0, "percent_statements_covered_display": "0"}, "missing_lines": [1, 3, 4, 6, 7, 9, 10, 11], "excluded_lines": [], "start_line": 1}}}, "C:\\Users\\jkj62.CLRC\\Documents\\GitHub\\laura\\laura\\Exporters\\RDF.py": {"executed_lines": [11, 13, 14, 19, 20, 23, 38, 40, 41, 43, 51, 52, 55, 82, 83, 85, 86, 87, 88, 89, 91, 93, 94, 97, 98, 101, 102, 103, 106, 107, 109, 110, 111, 113, 114, 115, 118, 119, 120, 121, 122, 130, 131, 132, 133, 140, 147, 157, 160, 181, 182], "summary": {"covered_lines": 51, "num_statements": 56, "percent_covered": 91.07142857142857, "percent_covered_display": "91", "missing_lines": 5, "excluded_lines": 2, "percent_statements_covered": 91.07142857142857, "percent_statements_covered_display": "91"}, "missing_lines": [44, 45, 95, 154, 155], "excluded_lines": [16, 17], "functions": {"_require_rdflib": {"executed_lines": [40, 41, 43], "summary": {"covered_lines": 3, "num_statements": 5, "percent_covered": 60.0, "percent_covered_display": "60", "missing_lines": 2, "excluded_lines": 0, "percent_statements_covered": 60.0, "percent_statements_covered_display": "60"}, "missing_lines": [44, 45], "excluded_lines": [], "start_line": 38}, "_resolve_format": {"executed_lines": [52], "summary": {"covered_lines": 1, "num_statements": 1, "percent_covered": 100.0, "percent_covered_display": "100", "missing_lines": 0, "excluded_lines": 0, "percent_statements_covered": 100.0, "percent_statements_covered_display": "100"}, "missing_lines": [], "excluded_lines": [], "start_line": 51}, "build_rdf_graph": {"executed_lines": [82, 83, 85, 86, 87, 88, 89, 91, 93, 94, 97, 98, 101, 102, 103, 106, 107, 109, 110, 111, 113, 114, 115, 118, 119, 120, 121, 122, 130, 131, 132, 133, 140, 147, 157], "summary": {"covered_lines": 35, "num_statements": 38, "percent_covered": 92.10526315789474, "percent_covered_display": "92", "missing_lines": 3, "excluded_lines": 0, "percent_statements_covered": 92.10526315789474, "percent_statements_covered_display": "92"}, "missing_lines": [95, 154, 155], "excluded_lines": [], "start_line": 55}, "export_machine_rdf": {"executed_lines": [181, 182], "summary": {"covered_lines": 2, "num_statements": 2, "percent_covered": 100.0, "percent_covered_display": "100", "missing_lines": 0, "excluded_lines": 0, "percent_statements_covered": 100.0, "percent_statements_covered_display": "100"}, "missing_lines": [], "excluded_lines": [], "start_line": 160}, "": {"executed_lines": [11, 13, 14, 19, 20, 23, 38, 51, 55, 160], "summary": {"covered_lines": 10, "num_statements": 10, "percent_covered": 100.0, "percent_covered_display": "100", "missing_lines": 0, "excluded_lines": 2, "percent_statements_covered": 100.0, "percent_statements_covered_display": "100"}, "missing_lines": [], "excluded_lines": [16, 17], "start_line": 1}}, "classes": {"": {"executed_lines": [11, 13, 14, 19, 20, 23, 38, 40, 41, 43, 51, 52, 55, 82, 83, 85, 86, 87, 88, 89, 91, 93, 94, 97, 98, 101, 102, 103, 106, 107, 109, 110, 111, 113, 114, 115, 118, 119, 120, 121, 122, 130, 131, 132, 133, 140, 147, 157, 160, 181, 182], "summary": {"covered_lines": 51, "num_statements": 56, "percent_covered": 91.07142857142857, "percent_covered_display": "91", "missing_lines": 5, "excluded_lines": 2, "percent_statements_covered": 91.07142857142857, "percent_statements_covered_display": "91"}, "missing_lines": [44, 45, 95, 154, 155], "excluded_lines": [16, 17], "start_line": 1}}}, "C:\\Users\\jkj62.CLRC\\Documents\\GitHub\\laura\\laura\\Exporters\\SQL.py": {"executed_lines": [28, 30, 31, 32, 39, 42, 53, 60, 65, 66, 67, 68, 71, 84, 85, 87, 88, 89, 90, 91, 92, 93, 94, 96, 97, 98, 101, 103, 104, 105, 108, 120, 134, 164, 187, 188, 190, 195, 196, 197, 212, 213, 219, 220, 221, 224, 225, 226, 227, 228, 229, 231, 232, 236, 237, 238, 241, 242, 243, 246, 247, 248, 250, 251, 254, 255, 256, 257, 258, 260, 261, 262, 265, 289, 290, 292, 293, 294, 295, 296, 310, 334, 335, 337, 338, 339, 341], "summary": {"covered_lines": 87, "num_statements": 116, "percent_covered": 75.0, "percent_covered_display": "75", "missing_lines": 29, "excluded_lines": 2, "percent_statements_covered": 75.0, "percent_statements_covered_display": "75"}, "missing_lines": [61, 110, 111, 112, 113, 114, 115, 116, 117, 122, 123, 124, 125, 128, 129, 130, 131, 140, 141, 142, 144, 145, 146, 147, 148, 150, 156, 157, 340], "excluded_lines": [34, 35], "functions": {"_load_orm": {"executed_lines": [60, 65, 66, 67, 68], "summary": {"covered_lines": 5, "num_statements": 6, "percent_covered": 83.33333333333333, "percent_covered_display": "83", "missing_lines": 1, "excluded_lines": 0, "percent_statements_covered": 83.33333333333333, "percent_statements_covered_display": "83"}, "missing_lines": [61], "excluded_lines": [], "start_line": 53}, "_make_session_factory": {"executed_lines": [84, 85, 87, 88, 89, 90, 91, 92, 93, 94, 96, 97, 98], "summary": {"covered_lines": 13, "num_statements": 13, "percent_covered": 100.0, "percent_covered_display": "100", "missing_lines": 0, "excluded_lines": 0, "percent_statements_covered": 100.0, "percent_statements_covered_display": "100"}, "missing_lines": [], "excluded_lines": [], "start_line": 71}, "_coerce_hardware_class": {"executed_lines": [103, 104, 105], "summary": {"covered_lines": 3, "num_statements": 3, "percent_covered": 100.0, "percent_covered_display": "100", "missing_lines": 0, "excluded_lines": 0, "percent_statements_covered": 100.0, "percent_statements_covered_display": "100"}, "missing_lines": [], "excluded_lines": [], "start_line": 101}, "_export_position": {"executed_lines": [], "summary": {"covered_lines": 0, "num_statements": 8, "percent_covered": 0.0, "percent_covered_display": "0", "missing_lines": 8, "excluded_lines": 0, "percent_statements_covered": 0.0, "percent_statements_covered_display": "0"}, "missing_lines": [110, 111, 112, 113, 114, 115, 116, 117], "excluded_lines": [], "start_line": 108}, "_export_rotation": {"executed_lines": [], "summary": {"covered_lines": 0, "num_statements": 8, "percent_covered": 0.0, "percent_covered_display": "0", "missing_lines": 8, "excluded_lines": 0, "percent_statements_covered": 0.0, "percent_statements_covered_display": "0"}, "missing_lines": [122, 123, 124, 125, 128, 129, 130, 131], "excluded_lines": [], "start_line": 120}, "_export_physical": {"executed_lines": [], "summary": {"covered_lines": 0, "num_statements": 11, "percent_covered": 0.0, "percent_covered_display": "0", "missing_lines": 11, "excluded_lines": 0, "percent_statements_covered": 0.0, "percent_statements_covered_display": "0"}, "missing_lines": [140, 141, 142, 144, 145, 146, 147, 148, 150, 156, 157], "excluded_lines": [], "start_line": 134}, "export_machine": {"executed_lines": [187, 188, 190, 195, 196, 197, 212, 213, 219, 220, 221, 224, 225, 226, 227, 228, 229, 231, 232, 236, 237, 238, 241, 242, 243, 246, 247, 248, 250, 251, 254, 255, 256, 257, 258, 260, 261, 262], "summary": {"covered_lines": 38, "num_statements": 38, "percent_covered": 100.0, "percent_covered_display": "100", "missing_lines": 0, "excluded_lines": 0, "percent_statements_covered": 100.0, "percent_statements_covered_display": "100"}, "missing_lines": [], "excluded_lines": [], "start_line": 164}, "load_machine_elements": {"executed_lines": [289, 290, 292, 293, 294, 295, 296], "summary": {"covered_lines": 7, "num_statements": 7, "percent_covered": 100.0, "percent_covered_display": "100", "missing_lines": 0, "excluded_lines": 0, "percent_statements_covered": 100.0, "percent_statements_covered_display": "100"}, "missing_lines": [], "excluded_lines": [], "start_line": 265}, "load_machine_sections": {"executed_lines": [334, 335, 337, 338, 339, 341], "summary": {"covered_lines": 6, "num_statements": 7, "percent_covered": 85.71428571428571, "percent_covered_display": "86", "missing_lines": 1, "excluded_lines": 0, "percent_statements_covered": 85.71428571428571, "percent_statements_covered_display": "86"}, "missing_lines": [340], "excluded_lines": [], "start_line": 310}, "": {"executed_lines": [28, 30, 31, 32, 39, 42, 53, 71, 101, 108, 120, 134, 164, 265, 310], "summary": {"covered_lines": 15, "num_statements": 15, "percent_covered": 100.0, "percent_covered_display": "100", "missing_lines": 0, "excluded_lines": 2, "percent_statements_covered": 100.0, "percent_statements_covered_display": "100"}, "missing_lines": [], "excluded_lines": [34, 35], "start_line": 1}}, "classes": {"": {"executed_lines": [28, 30, 31, 32, 39, 42, 53, 60, 65, 66, 67, 68, 71, 84, 85, 87, 88, 89, 90, 91, 92, 93, 94, 96, 97, 98, 101, 103, 104, 105, 108, 120, 134, 164, 187, 188, 190, 195, 196, 197, 212, 213, 219, 220, 221, 224, 225, 226, 227, 228, 229, 231, 232, 236, 237, 238, 241, 242, 243, 246, 247, 248, 250, 251, 254, 255, 256, 257, 258, 260, 261, 262, 265, 289, 290, 292, 293, 294, 295, 296, 310, 334, 335, 337, 338, 339, 341], "summary": {"covered_lines": 87, "num_statements": 116, "percent_covered": 75.0, "percent_covered_display": "75", "missing_lines": 29, "excluded_lines": 2, "percent_statements_covered": 75.0, "percent_statements_covered_display": "75"}, "missing_lines": [61, 110, 111, 112, 113, 114, 115, 116, 117, 122, 123, 124, 125, 128, 129, 130, 131, 140, 141, 142, 144, 145, 146, 147, 148, 150, 156, 157, 340], "excluded_lines": [34, 35], "start_line": 1}}}, "C:\\Users\\jkj62.CLRC\\Documents\\GitHub\\laura\\laura\\Exporters\\YAML.py": {"executed_lines": [1, 2, 3, 4, 5, 6, 9, 13, 16, 20, 21, 24, 25, 28, 29, 30, 32, 33, 36, 37, 40, 43, 48, 49, 52, 53, 54, 55, 56, 57, 59, 62, 63, 64, 65, 66, 67, 69, 70, 71, 72, 75, 78, 79, 80, 82, 83, 84, 85, 86, 88, 91, 92, 93, 95, 96, 97, 98], "summary": {"covered_lines": 58, "num_statements": 66, "percent_covered": 87.87878787878788, "percent_covered_display": "88", "missing_lines": 8, "excluded_lines": 0, "percent_statements_covered": 87.87878787878788, "percent_statements_covered_display": "88"}, "missing_lines": [10, 38, 50, 51, 68, 81, 87, 94], "excluded_lines": [], "functions": {"represent_tuple": {"executed_lines": [], "summary": {"covered_lines": 0, "num_statements": 1, "percent_covered": 0.0, "percent_covered_display": "0", "missing_lines": 1, "excluded_lines": 0, "percent_statements_covered": 0.0, "percent_statements_covered_display": "0"}, "missing_lines": [10], "excluded_lines": [], "start_line": 9}, "_clean_export_data": {"executed_lines": [20, 21, 24, 25, 28, 29, 30, 32, 33, 36, 37, 40], "summary": {"covered_lines": 12, "num_statements": 13, "percent_covered": 92.3076923076923, "percent_covered_display": "92", "missing_lines": 1, "excluded_lines": 0, "percent_statements_covered": 92.3076923076923, "percent_statements_covered_display": "92"}, "missing_lines": [38], "excluded_lines": [], "start_line": 16}, "export_as_yaml": {"executed_lines": [48, 49, 52, 53, 54, 55, 56, 57, 59], "summary": {"covered_lines": 9, "num_statements": 11, "percent_covered": 81.81818181818181, "percent_covered_display": "82", "missing_lines": 2, "excluded_lines": 0, "percent_statements_covered": 81.81818181818181, "percent_statements_covered_display": "82"}, "missing_lines": [50, 51], "excluded_lines": [], "start_line": 43}, "export_machine_combined_file": {"executed_lines": [63, 64, 65, 66, 67, 69, 70, 71, 72], "summary": {"covered_lines": 9, "num_statements": 10, "percent_covered": 90.0, "percent_covered_display": "90", "missing_lines": 1, "excluded_lines": 0, "percent_statements_covered": 90.0, "percent_statements_covered_display": "90"}, "missing_lines": [68], "excluded_lines": [], "start_line": 62}, "export_machine": {"executed_lines": [78, 79, 80, 82, 83, 84, 85, 86, 88], "summary": {"covered_lines": 9, "num_statements": 11, "percent_covered": 81.81818181818181, "percent_covered_display": "82", "missing_lines": 2, "excluded_lines": 0, "percent_statements_covered": 81.81818181818181, "percent_statements_covered_display": "82"}, "missing_lines": [81, 87], "excluded_lines": [], "start_line": 75}, "export_elements": {"executed_lines": [92, 93, 95, 96, 97, 98], "summary": {"covered_lines": 6, "num_statements": 7, "percent_covered": 85.71428571428571, "percent_covered_display": "86", "missing_lines": 1, "excluded_lines": 0, "percent_statements_covered": 85.71428571428571, "percent_statements_covered_display": "86"}, "missing_lines": [94], "excluded_lines": [], "start_line": 91}, "": {"executed_lines": [1, 2, 3, 4, 5, 6, 9, 13, 16, 43, 62, 75, 91], "summary": {"covered_lines": 13, "num_statements": 13, "percent_covered": 100.0, "percent_covered_display": "100", "missing_lines": 0, "excluded_lines": 0, "percent_statements_covered": 100.0, "percent_statements_covered_display": "100"}, "missing_lines": [], "excluded_lines": [], "start_line": 1}}, "classes": {"": {"executed_lines": [1, 2, 3, 4, 5, 6, 9, 13, 16, 20, 21, 24, 25, 28, 29, 30, 32, 33, 36, 37, 40, 43, 48, 49, 52, 53, 54, 55, 56, 57, 59, 62, 63, 64, 65, 66, 67, 69, 70, 71, 72, 75, 78, 79, 80, 82, 83, 84, 85, 86, 88, 91, 92, 93, 95, 96, 97, 98], "summary": {"covered_lines": 58, "num_statements": 66, "percent_covered": 87.87878787878788, "percent_covered_display": "88", "missing_lines": 8, "excluded_lines": 0, "percent_statements_covered": 87.87878787878788, "percent_statements_covered_display": "88"}, "missing_lines": [10, 38, 50, 51, 68, 81, 87, 94], "excluded_lines": [], "start_line": 1}}}, "C:\\Users\\jkj62.CLRC\\Documents\\GitHub\\laura\\laura\\Exporters\\__init__.py": {"executed_lines": [], "summary": {"covered_lines": 0, "num_statements": 0, "percent_covered": 100.0, "percent_covered_display": "100", "missing_lines": 0, "excluded_lines": 0, "percent_statements_covered": 100.0, "percent_statements_covered_display": "100"}, "missing_lines": [], "excluded_lines": [], "functions": {"": {"executed_lines": [], "summary": {"covered_lines": 0, "num_statements": 0, "percent_covered": 100.0, "percent_covered_display": "100", "missing_lines": 0, "excluded_lines": 0, "percent_statements_covered": 100.0, "percent_statements_covered_display": "100"}, "missing_lines": [], "excluded_lines": [], "start_line": 1}}, "classes": {"": {"executed_lines": [], "summary": {"covered_lines": 0, "num_statements": 0, "percent_covered": 100.0, "percent_covered_display": "100", "missing_lines": 0, "excluded_lines": 0, "percent_statements_covered": 100.0, "percent_statements_covered_display": "100"}, "missing_lines": [], "excluded_lines": [], "start_line": 1}}}, "C:\\Users\\jkj62.CLRC\\Documents\\GitHub\\laura\\laura\\Importers\\CATAP_Loader.py": {"executed_lines": [], "summary": {"covered_lines": 0, "num_statements": 66, "percent_covered": 0.0, "percent_covered_display": "0", "missing_lines": 66, "excluded_lines": 0, "percent_statements_covered": 0.0, "percent_statements_covered_display": "0"}, "missing_lines": [1, 2, 3, 4, 5, 27, 30, 31, 32, 33, 35, 36, 37, 39, 40, 42, 43, 44, 45, 46, 47, 48, 49, 50, 51, 53, 54, 55, 58, 59, 60, 61, 62, 63, 64, 65, 68, 69, 70, 71, 72, 73, 74, 75, 78, 80, 81, 82, 86, 88, 89, 91, 94, 95, 98, 100, 102, 109, 110, 117, 119, 120, 123, 143, 154, 155], "excluded_lines": [], "functions": {"ReplacePc.__init__": {"executed_lines": [], "summary": {"covered_lines": 0, "num_statements": 2, "percent_covered": 0.0, "percent_covered_display": "0", "missing_lines": 2, "excluded_lines": 0, "percent_statements_covered": 0.0, "percent_statements_covered_display": "0"}, "missing_lines": [32, 33], "excluded_lines": [], "start_line": 31}, "ReplacePc.__enter__": {"executed_lines": [], "summary": {"covered_lines": 0, "num_statements": 2, "percent_covered": 0.0, "percent_covered_display": "0", "missing_lines": 2, "excluded_lines": 0, "percent_statements_covered": 0.0, "percent_statements_covered_display": "0"}, "missing_lines": [36, 37], "excluded_lines": [], "start_line": 35}, "ReplacePc.__exit__": {"executed_lines": [], "summary": {"covered_lines": 0, "num_statements": 1, "percent_covered": 0.0, "percent_covered_display": "0", "missing_lines": 1, "excluded_lines": 0, "percent_statements_covered": 0.0, "percent_statements_covered_display": "0"}, "missing_lines": [40], "excluded_lines": [], "start_line": 39}, "ReplacePc.read": {"executed_lines": [], "summary": {"covered_lines": 0, "num_statements": 12, "percent_covered": 0.0, "percent_covered_display": "0", "missing_lines": 12, "excluded_lines": 0, "percent_statements_covered": 0.0, "percent_statements_covered_display": "0"}, "missing_lines": [43, 44, 45, 46, 47, 48, 49, 50, 51, 53, 54, 55], "excluded_lines": [], "start_line": 42}, "get_possible_pv_names": {"executed_lines": [], "summary": {"covered_lines": 0, "num_statements": 7, "percent_covered": 0.0, "percent_covered_display": "0", "missing_lines": 7, "excluded_lines": 0, "percent_statements_covered": 0.0, "percent_statements_covered_display": "0"}, "missing_lines": [59, 60, 61, 62, 63, 64, 65], "excluded_lines": [], "start_line": 58}, "get_camera_pv_names": {"executed_lines": [], "summary": {"covered_lines": 0, "num_statements": 7, "percent_covered": 0.0, "percent_covered_display": "0", "missing_lines": 7, "excluded_lines": 0, "percent_statements_covered": 0.0, "percent_statements_covered_display": "0"}, "missing_lines": [69, 70, 71, 72, 73, 74, 75], "excluded_lines": [], "start_line": 68}, "read_CATAP_YAML": {"executed_lines": [], "summary": {"covered_lines": 0, "num_statements": 17, "percent_covered": 0.0, "percent_covered_display": "0", "missing_lines": 17, "excluded_lines": 0, "percent_statements_covered": 0.0, "percent_statements_covered_display": "0"}, "missing_lines": [80, 81, 82, 86, 88, 89, 91, 94, 95, 98, 100, 102, 109, 110, 117, 119, 120], "excluded_lines": [], "start_line": 78}, "": {"executed_lines": [], "summary": {"covered_lines": 0, "num_statements": 18, "percent_covered": 0.0, "percent_covered_display": "0", "missing_lines": 18, "excluded_lines": 0, "percent_statements_covered": 0.0, "percent_statements_covered_display": "0"}, "missing_lines": [1, 2, 3, 4, 5, 27, 30, 31, 35, 39, 42, 58, 68, 78, 123, 143, 154, 155], "excluded_lines": [], "start_line": 1}}, "classes": {"ReplacePc": {"executed_lines": [], "summary": {"covered_lines": 0, "num_statements": 17, "percent_covered": 0.0, "percent_covered_display": "0", "missing_lines": 17, "excluded_lines": 0, "percent_statements_covered": 0.0, "percent_statements_covered_display": "0"}, "missing_lines": [32, 33, 36, 37, 40, 43, 44, 45, 46, 47, 48, 49, 50, 51, 53, 54, 55], "excluded_lines": [], "start_line": 30}, "": {"executed_lines": [], "summary": {"covered_lines": 0, "num_statements": 49, "percent_covered": 0.0, "percent_covered_display": "0", "missing_lines": 49, "excluded_lines": 0, "percent_statements_covered": 0.0, "percent_statements_covered_display": "0"}, "missing_lines": [1, 2, 3, 4, 5, 27, 30, 31, 35, 39, 42, 58, 59, 60, 61, 62, 63, 64, 65, 68, 69, 70, 71, 72, 73, 74, 75, 78, 80, 81, 82, 86, 88, 89, 91, 94, 95, 98, 100, 102, 109, 110, 117, 119, 120, 123, 143, 154, 155], "excluded_lines": [], "start_line": 1}}}, "C:\\Users\\jkj62.CLRC\\Documents\\GitHub\\laura\\laura\\Importers\\Magnet_Table.py": {"executed_lines": [], "summary": {"covered_lines": 0, "num_statements": 23, "percent_covered": 0.0, "percent_covered_display": "0", "missing_lines": 23, "excluded_lines": 0, "percent_statements_covered": 0.0, "percent_statements_covered_display": "0"}, "missing_lines": [1, 2, 3, 5, 8, 17, 18, 19, 20, 26, 27, 28, 29, 35, 50, 51, 54, 55, 56, 57, 58, 59, 60], "excluded_lines": [], "functions": {"create_degauss_values": {"executed_lines": [], "summary": {"covered_lines": 0, "num_statements": 3, "percent_covered": 0.0, "percent_covered_display": "0", "missing_lines": 3, "excluded_lines": 0, "percent_statements_covered": 0.0, "percent_statements_covered_display": "0"}, "missing_lines": [18, 19, 20], "excluded_lines": [], "start_line": 17}, "add_magnet_table_parameters": {"executed_lines": [], "summary": {"covered_lines": 0, "num_statements": 13, "percent_covered": 0.0, "percent_covered_display": "0", "missing_lines": 13, "excluded_lines": 0, "percent_statements_covered": 0.0, "percent_statements_covered_display": "0"}, "missing_lines": [27, 28, 29, 35, 50, 51, 54, 55, 56, 57, 58, 59, 60], "excluded_lines": [], "start_line": 26}, "": {"executed_lines": [], "summary": {"covered_lines": 0, "num_statements": 7, "percent_covered": 0.0, "percent_covered_display": "0", "missing_lines": 7, "excluded_lines": 0, "percent_statements_covered": 0.0, "percent_statements_covered_display": "0"}, "missing_lines": [1, 2, 3, 5, 8, 17, 26], "excluded_lines": [], "start_line": 1}}, "classes": {"": {"executed_lines": [], "summary": {"covered_lines": 0, "num_statements": 23, "percent_covered": 0.0, "percent_covered_display": "0", "missing_lines": 23, "excluded_lines": 0, "percent_statements_covered": 0.0, "percent_statements_covered_display": "0"}, "missing_lines": [1, 2, 3, 5, 8, 17, 18, 19, 20, 26, 27, 28, 29, 35, 50, 51, 54, 55, 56, 57, 58, 59, 60], "excluded_lines": [], "start_line": 1}}}, "C:\\Users\\jkj62.CLRC\\Documents\\GitHub\\laura\\laura\\Importers\\MySafeConstructor.py": {"executed_lines": [], "summary": {"covered_lines": 0, "num_statements": 5, "percent_covered": 0.0, "percent_covered_display": "0", "missing_lines": 5, "excluded_lines": 0, "percent_statements_covered": 0.0, "percent_statements_covered_display": "0"}, "missing_lines": [1, 5, 8, 9, 13], "excluded_lines": [], "functions": {"MySafeConstructor.add_bool": {"executed_lines": [], "summary": {"covered_lines": 0, "num_statements": 1, "percent_covered": 0.0, "percent_covered_display": "0", "missing_lines": 1, "excluded_lines": 0, "percent_statements_covered": 0.0, "percent_statements_covered_display": "0"}, "missing_lines": [9], "excluded_lines": [], "start_line": 8}, "": {"executed_lines": [], "summary": {"covered_lines": 0, "num_statements": 4, "percent_covered": 0.0, "percent_covered_display": "0", "missing_lines": 4, "excluded_lines": 0, "percent_statements_covered": 0.0, "percent_statements_covered_display": "0"}, "missing_lines": [1, 5, 8, 13], "excluded_lines": [], "start_line": 1}}, "classes": {"MySafeConstructor": {"executed_lines": [], "summary": {"covered_lines": 0, "num_statements": 1, "percent_covered": 0.0, "percent_covered_display": "0", "missing_lines": 1, "excluded_lines": 0, "percent_statements_covered": 0.0, "percent_statements_covered_display": "0"}, "missing_lines": [9], "excluded_lines": [], "start_line": 5}, "": {"executed_lines": [], "summary": {"covered_lines": 0, "num_statements": 4, "percent_covered": 0.0, "percent_covered_display": "0", "missing_lines": 4, "excluded_lines": 0, "percent_statements_covered": 0.0, "percent_statements_covered_display": "0"}, "missing_lines": [1, 5, 8, 13], "excluded_lines": [], "start_line": 1}}}, "C:\\Users\\jkj62.CLRC\\Documents\\GitHub\\laura\\laura\\Importers\\MySafeLoader.py": {"executed_lines": [], "summary": {"covered_lines": 0, "num_statements": 14, "percent_covered": 0.0, "percent_covered_display": "0", "missing_lines": 14, "excluded_lines": 0, "percent_statements_covered": 0.0, "percent_statements_covered_display": "0"}, "missing_lines": [1, 2, 3, 4, 5, 6, 9, 11, 12, 13, 14, 15, 16, 17], "excluded_lines": [], "functions": {"MySafeLoader.__init__": {"executed_lines": [], "summary": {"covered_lines": 0, "num_statements": 6, "percent_covered": 0.0, "percent_covered_display": "0", "missing_lines": 6, "excluded_lines": 0, "percent_statements_covered": 0.0, "percent_statements_covered_display": "0"}, "missing_lines": [12, 13, 14, 15, 16, 17], "excluded_lines": [], "start_line": 11}, "": {"executed_lines": [], "summary": {"covered_lines": 0, "num_statements": 8, "percent_covered": 0.0, "percent_covered_display": "0", "missing_lines": 8, "excluded_lines": 0, "percent_statements_covered": 0.0, "percent_statements_covered_display": "0"}, "missing_lines": [1, 2, 3, 4, 5, 6, 9, 11], "excluded_lines": [], "start_line": 1}}, "classes": {"MySafeLoader": {"executed_lines": [], "summary": {"covered_lines": 0, "num_statements": 6, "percent_covered": 0.0, "percent_covered_display": "0", "missing_lines": 6, "excluded_lines": 0, "percent_statements_covered": 0.0, "percent_statements_covered_display": "0"}, "missing_lines": [12, 13, 14, 15, 16, 17], "excluded_lines": [], "start_line": 9}, "": {"executed_lines": [], "summary": {"covered_lines": 0, "num_statements": 8, "percent_covered": 0.0, "percent_covered_display": "0", "missing_lines": 8, "excluded_lines": 0, "percent_statements_covered": 0.0, "percent_statements_covered_display": "0"}, "missing_lines": [1, 2, 3, 4, 5, 6, 9, 11], "excluded_lines": [], "start_line": 1}}}, "C:\\Users\\jkj62.CLRC\\Documents\\GitHub\\laura\\laura\\Importers\\SimFrame_Loader.py": {"executed_lines": [], "summary": {"covered_lines": 0, "num_statements": 88, "percent_covered": 0.0, "percent_covered_display": "0", "missing_lines": 88, "excluded_lines": 0, "percent_statements_covered": 0.0, "percent_statements_covered_display": "0"}, "missing_lines": [1, 2, 3, 4, 5, 6, 8, 9, 33, 35, 38, 39, 40, 41, 42, 45, 46, 47, 48, 50, 51, 52, 53, 54, 57, 108, 109, 110, 111, 114, 115, 118, 119, 122, 123, 126, 128, 129, 137, 138, 139, 144, 146, 147, 148, 149, 150, 151, 152, 153, 154, 155, 156, 157, 158, 159, 160, 161, 162, 163, 164, 165, 166, 167, 168, 169, 170, 171, 172, 173, 174, 175, 176, 177, 182, 183, 191, 193, 194, 197, 198, 199, 200, 202, 203, 205, 207, 210], "excluded_lines": [], "functions": {"SimFrame_Conversion.check_type": {"executed_lines": [], "summary": {"covered_lines": 0, "num_statements": 3, "percent_covered": 0.0, "percent_covered_display": "0", "missing_lines": 3, "excluded_lines": 0, "percent_statements_covered": 0.0, "percent_statements_covered_display": "0"}, "missing_lines": [52, 53, 54], "excluded_lines": [], "start_line": 51}, "get_SimFrame_YAML_filename": {"executed_lines": [], "summary": {"covered_lines": 0, "num_statements": 3, "percent_covered": 0.0, "percent_covered_display": "0", "missing_lines": 3, "excluded_lines": 0, "percent_statements_covered": 0.0, "percent_statements_covered_display": "0"}, "missing_lines": [109, 110, 111], "excluded_lines": [], "start_line": 108}, "get_SimFrame_MachineArea": {"executed_lines": [], "summary": {"covered_lines": 0, "num_statements": 1, "percent_covered": 0.0, "percent_covered_display": "0", "missing_lines": 1, "excluded_lines": 0, "percent_statements_covered": 0.0, "percent_statements_covered_display": "0"}, "missing_lines": [115], "excluded_lines": [], "start_line": 114}, "get_SimFrame_PV": {"executed_lines": [], "summary": {"covered_lines": 0, "num_statements": 1, "percent_covered": 0.0, "percent_covered_display": "0", "missing_lines": 1, "excluded_lines": 0, "percent_statements_covered": 0.0, "percent_statements_covered_display": "0"}, "missing_lines": [119], "excluded_lines": [], "start_line": 118}, "interpret_SimFrame_Element": {"executed_lines": [], "summary": {"covered_lines": 0, "num_statements": 7, "percent_covered": 0.0, "percent_covered_display": "0", "missing_lines": 7, "excluded_lines": 0, "percent_statements_covered": 0.0, "percent_statements_covered_display": "0"}, "missing_lines": [123, 126, 128, 129, 137, 138, 139], "excluded_lines": [], "start_line": 122}, "read_SimFrame_YAML": {"executed_lines": [], "summary": {"covered_lines": 0, "num_statements": 45, "percent_covered": 0.0, "percent_covered_display": "0", "missing_lines": 45, "excluded_lines": 0, "percent_statements_covered": 0.0, "percent_statements_covered_display": "0"}, "missing_lines": [146, 147, 148, 149, 150, 151, 152, 153, 154, 155, 156, 157, 158, 159, 160, 161, 162, 163, 164, 165, 166, 167, 168, 169, 170, 171, 172, 173, 174, 175, 176, 177, 182, 183, 191, 193, 194, 197, 198, 199, 200, 202, 203, 205, 207], "excluded_lines": [], "start_line": 144}, "": {"executed_lines": [], "summary": {"covered_lines": 0, "num_statements": 28, "percent_covered": 0.0, "percent_covered_display": "0", "missing_lines": 28, "excluded_lines": 0, "percent_statements_covered": 0.0, "percent_statements_covered_display": "0"}, "missing_lines": [1, 2, 3, 4, 5, 6, 8, 9, 33, 35, 38, 39, 40, 41, 42, 45, 46, 47, 48, 50, 51, 57, 108, 114, 118, 122, 144, 210], "excluded_lines": [], "start_line": 1}}, "classes": {"SimFrame_Conversion": {"executed_lines": [], "summary": {"covered_lines": 0, "num_statements": 3, "percent_covered": 0.0, "percent_covered_display": "0", "missing_lines": 3, "excluded_lines": 0, "percent_statements_covered": 0.0, "percent_statements_covered_display": "0"}, "missing_lines": [52, 53, 54], "excluded_lines": [], "start_line": 45}, "": {"executed_lines": [], "summary": {"covered_lines": 0, "num_statements": 85, "percent_covered": 0.0, "percent_covered_display": "0", "missing_lines": 85, "excluded_lines": 0, "percent_statements_covered": 0.0, "percent_statements_covered_display": "0"}, "missing_lines": [1, 2, 3, 4, 5, 6, 8, 9, 33, 35, 38, 39, 40, 41, 42, 45, 46, 47, 48, 50, 51, 57, 108, 109, 110, 111, 114, 115, 118, 119, 122, 123, 126, 128, 129, 137, 138, 139, 144, 146, 147, 148, 149, 150, 151, 152, 153, 154, 155, 156, 157, 158, 159, 160, 161, 162, 163, 164, 165, 166, 167, 168, 169, 170, 171, 172, 173, 174, 175, 176, 177, 182, 183, 191, 193, 194, 197, 198, 199, 200, 202, 203, 205, 207, 210], "excluded_lines": [], "start_line": 1}}}, "C:\\Users\\jkj62.CLRC\\Documents\\GitHub\\laura\\laura\\Importers\\YAML_Loader.py": {"executed_lines": [1, 2, 3, 4, 5, 6, 7, 10, 13, 14, 16, 18, 19, 20, 22, 23, 24, 25, 26, 27, 28, 31, 33, 35, 39, 41, 42, 43, 44, 46, 61, 65, 67, 69, 70, 71, 72, 73, 74, 76, 77, 78, 81, 82, 84, 90, 91, 93, 100, 103, 104, 107, 108, 109, 110, 111, 112, 114, 116, 121, 125, 126, 127, 128, 129, 130, 131, 133, 137, 138, 146, 161, 183, 184, 185, 186, 188, 189, 190, 191, 193, 194, 195, 197, 198, 200, 201, 206, 224, 225, 226, 227, 229, 232, 242, 259, 261, 262, 263, 264, 265, 266, 268, 272], "summary": {"covered_lines": 104, "num_statements": 151, "percent_covered": 68.87417218543047, "percent_covered_display": "69", "missing_lines": 47, "excluded_lines": 0, "percent_statements_covered": 68.87417218543047, "percent_statements_covered_display": "69"}, "missing_lines": [29, 30, 32, 48, 49, 50, 51, 52, 53, 54, 55, 56, 57, 58, 59, 63, 79, 85, 86, 87, 88, 97, 98, 101, 149, 150, 151, 156, 157, 158, 173, 174, 175, 176, 180, 202, 203, 228, 233, 234, 235, 236, 237, 238, 239, 269, 270], "excluded_lines": [], "functions": {"fast_get_element_metadata": {"executed_lines": [18, 19, 20, 22, 23, 24, 25, 26, 27, 28, 31, 33], "summary": {"covered_lines": 12, "num_statements": 15, "percent_covered": 80.0, "percent_covered_display": "80", "missing_lines": 3, "excluded_lines": 0, "percent_statements_covered": 80.0, "percent_statements_covered_display": "80"}, "missing_lines": [29, 30, 32], "excluded_lines": [], "start_line": 16}, "LazyElementDict.__init__": {"executed_lines": [41, 42, 43, 44], "summary": {"covered_lines": 4, "num_statements": 4, "percent_covered": 100.0, "percent_covered_display": "100", "missing_lines": 0, "excluded_lines": 0, "percent_statements_covered": 100.0, "percent_statements_covered_display": "100"}, "missing_lines": [], "excluded_lines": [], "start_line": 39}, "LazyElementDict.get_metadata": {"executed_lines": [], "summary": {"covered_lines": 0, "num_statements": 12, "percent_covered": 0.0, "percent_covered_display": "0", "missing_lines": 12, "excluded_lines": 0, "percent_statements_covered": 0.0, "percent_statements_covered_display": "0"}, "missing_lines": [48, 49, 50, 51, 52, 53, 54, 55, 56, 57, 58, 59], "excluded_lines": [], "start_line": 46}, "LazyElementDict.get_all_metadata": {"executed_lines": [], "summary": {"covered_lines": 0, "num_statements": 1, "percent_covered": 0.0, "percent_covered_display": "0", "missing_lines": 1, "excluded_lines": 0, "percent_statements_covered": 0.0, "percent_statements_covered_display": "0"}, "missing_lines": [63], "excluded_lines": [], "start_line": 61}, "LazyElementDict.is_loaded": {"executed_lines": [67], "summary": {"covered_lines": 1, "num_statements": 1, "percent_covered": 100.0, "percent_covered_display": "100", "missing_lines": 0, "excluded_lines": 0, "percent_statements_covered": 100.0, "percent_statements_covered_display": "100"}, "missing_lines": [], "excluded_lines": [], "start_line": 65}, "LazyElementDict.__getitem__": {"executed_lines": [70, 71, 72, 73, 74, 76, 77, 78], "summary": {"covered_lines": 8, "num_statements": 9, "percent_covered": 88.88888888888889, "percent_covered_display": "89", "missing_lines": 1, "excluded_lines": 0, "percent_statements_covered": 88.88888888888889, "percent_statements_covered_display": "89"}, "missing_lines": [79], "excluded_lines": [], "start_line": 69}, "LazyElementDict.__contains__": {"executed_lines": [82], "summary": {"covered_lines": 1, "num_statements": 1, "percent_covered": 100.0, "percent_covered_display": "100", "missing_lines": 0, "excluded_lines": 0, "percent_statements_covered": 100.0, "percent_statements_covered_display": "100"}, "missing_lines": [], "excluded_lines": [], "start_line": 81}, "LazyElementDict.get": {"executed_lines": [], "summary": {"covered_lines": 0, "num_statements": 4, "percent_covered": 0.0, "percent_covered_display": "0", "missing_lines": 4, "excluded_lines": 0, "percent_statements_covered": 0.0, "percent_statements_covered_display": "0"}, "missing_lines": [85, 86, 87, 88], "excluded_lines": [], "start_line": 84}, "LazyElementDict.keys": {"executed_lines": [91], "summary": {"covered_lines": 1, "num_statements": 1, "percent_covered": 100.0, "percent_covered_display": "100", "missing_lines": 0, "excluded_lines": 0, "percent_statements_covered": 100.0, "percent_statements_covered_display": "100"}, "missing_lines": [], "excluded_lines": [], "start_line": 90}, "LazyElementDict.values": {"executed_lines": [], "summary": {"covered_lines": 0, "num_statements": 2, "percent_covered": 0.0, "percent_covered_display": "0", "missing_lines": 2, "excluded_lines": 0, "percent_statements_covered": 0.0, "percent_statements_covered_display": "0"}, "missing_lines": [97, 98], "excluded_lines": [], "start_line": 93}, "LazyElementDict.__iter__": {"executed_lines": [], "summary": {"covered_lines": 0, "num_statements": 1, "percent_covered": 0.0, "percent_covered_display": "0", "missing_lines": 1, "excluded_lines": 0, "percent_statements_covered": 0.0, "percent_statements_covered_display": "0"}, "missing_lines": [101], "excluded_lines": [], "start_line": 100}, "LazyElementDict.__len__": {"executed_lines": [104], "summary": {"covered_lines": 1, "num_statements": 1, "percent_covered": 100.0, "percent_covered_display": "100", "missing_lines": 0, "excluded_lines": 0, "percent_statements_covered": 100.0, "percent_statements_covered_display": "100"}, "missing_lines": [], "excluded_lines": [], "start_line": 103}, "get_all_subclasses": {"executed_lines": [108, 109, 110, 111, 112], "summary": {"covered_lines": 5, "num_statements": 5, "percent_covered": 100.0, "percent_covered_display": "100", "missing_lines": 0, "excluded_lines": 0, "percent_statements_covered": 100.0, "percent_statements_covered_display": "100"}, "missing_lines": [], "excluded_lines": [], "start_line": 107}, "LazyAdapterDict.get": {"executed_lines": [126, 127, 128, 129, 130, 131], "summary": {"covered_lines": 6, "num_statements": 6, "percent_covered": 100.0, "percent_covered_display": "100", "missing_lines": 0, "excluded_lines": 0, "percent_statements_covered": 100.0, "percent_statements_covered_display": "100"}, "missing_lines": [], "excluded_lines": [], "start_line": 125}, "_get_json_schema": {"executed_lines": [], "summary": {"covered_lines": 0, "num_statements": 6, "percent_covered": 0.0, "percent_covered_display": "0", "missing_lines": 6, "excluded_lines": 0, "percent_statements_covered": 0.0, "percent_statements_covered_display": "0"}, "missing_lines": [149, 150, 151, 156, 157, 158], "excluded_lines": [], "start_line": 146}, "validate_element_dict": {"executed_lines": [], "summary": {"covered_lines": 0, "num_statements": 5, "percent_covered": 0.0, "percent_covered_display": "0", "missing_lines": 5, "excluded_lines": 0, "percent_statements_covered": 0.0, "percent_statements_covered_display": "0"}, "missing_lines": [173, 174, 175, 176, 180], "excluded_lines": [], "start_line": 161}, "filter_top_level": {"executed_lines": [184, 185, 186], "summary": {"covered_lines": 3, "num_statements": 3, "percent_covered": 100.0, "percent_covered_display": "100", "missing_lines": 0, "excluded_lines": 0, "percent_statements_covered": 100.0, "percent_statements_covered_display": "100"}, "missing_lines": [], "excluded_lines": [], "start_line": 183}, "interpret_YAML_Element": {"executed_lines": [189, 190, 191, 193, 194, 195, 197, 198, 200, 201], "summary": {"covered_lines": 10, "num_statements": 12, "percent_covered": 83.33333333333333, "percent_covered_display": "83", "missing_lines": 2, "excluded_lines": 0, "percent_statements_covered": 83.33333333333333, "percent_statements_covered_display": "83"}, "missing_lines": [202, 203], "excluded_lines": [], "start_line": 188}, "read_YAML_Element_File": {"executed_lines": [224, 225, 226, 227, 229], "summary": {"covered_lines": 5, "num_statements": 6, "percent_covered": 83.33333333333333, "percent_covered_display": "83", "missing_lines": 1, "excluded_lines": 0, "percent_statements_covered": 83.33333333333333, "percent_statements_covered_display": "83"}, "missing_lines": [228], "excluded_lines": [], "start_line": 206}, "read_YAML_Element_Files": {"executed_lines": [], "summary": {"covered_lines": 0, "num_statements": 7, "percent_covered": 0.0, "percent_covered_display": "0", "missing_lines": 7, "excluded_lines": 0, "percent_statements_covered": 0.0, "percent_statements_covered_display": "0"}, "missing_lines": [233, 234, 235, 236, 237, 238, 239], "excluded_lines": [], "start_line": 232}, "read_YAML_Combined_File": {"executed_lines": [259, 261, 262, 263, 264, 265, 266, 268, 272], "summary": {"covered_lines": 9, "num_statements": 11, "percent_covered": 81.81818181818181, "percent_covered_display": "82", "missing_lines": 2, "excluded_lines": 0, "percent_statements_covered": 81.81818181818181, "percent_statements_covered_display": "82"}, "missing_lines": [269, 270], "excluded_lines": [], "start_line": 242}, "": {"executed_lines": [1, 2, 3, 4, 5, 6, 7, 10, 13, 14, 16, 35, 39, 46, 61, 65, 69, 81, 84, 90, 93, 100, 103, 107, 114, 116, 121, 125, 133, 137, 138, 146, 161, 183, 188, 206, 232, 242], "summary": {"covered_lines": 38, "num_statements": 38, "percent_covered": 100.0, "percent_covered_display": "100", "missing_lines": 0, "excluded_lines": 0, "percent_statements_covered": 100.0, "percent_statements_covered_display": "100"}, "missing_lines": [], "excluded_lines": [], "start_line": 1}}, "classes": {"LazyElementDict": {"executed_lines": [41, 42, 43, 44, 67, 70, 71, 72, 73, 74, 76, 77, 78, 82, 91, 104], "summary": {"covered_lines": 16, "num_statements": 37, "percent_covered": 43.24324324324324, "percent_covered_display": "43", "missing_lines": 21, "excluded_lines": 0, "percent_statements_covered": 43.24324324324324, "percent_statements_covered_display": "43"}, "missing_lines": [48, 49, 50, 51, 52, 53, 54, 55, 56, 57, 58, 59, 63, 79, 85, 86, 87, 88, 97, 98, 101], "excluded_lines": [], "start_line": 35}, "LazyAdapterDict": {"executed_lines": [126, 127, 128, 129, 130, 131], "summary": {"covered_lines": 6, "num_statements": 6, "percent_covered": 100.0, "percent_covered_display": "100", "missing_lines": 0, "excluded_lines": 0, "percent_statements_covered": 100.0, "percent_statements_covered_display": "100"}, "missing_lines": [], "excluded_lines": [], "start_line": 121}, "": {"executed_lines": [1, 2, 3, 4, 5, 6, 7, 10, 13, 14, 16, 18, 19, 20, 22, 23, 24, 25, 26, 27, 28, 31, 33, 35, 39, 46, 61, 65, 69, 81, 84, 90, 93, 100, 103, 107, 108, 109, 110, 111, 112, 114, 116, 121, 125, 133, 137, 138, 146, 161, 183, 184, 185, 186, 188, 189, 190, 191, 193, 194, 195, 197, 198, 200, 201, 206, 224, 225, 226, 227, 229, 232, 242, 259, 261, 262, 263, 264, 265, 266, 268, 272], "summary": {"covered_lines": 82, "num_statements": 108, "percent_covered": 75.92592592592592, "percent_covered_display": "76", "missing_lines": 26, "excluded_lines": 0, "percent_statements_covered": 75.92592592592592, "percent_statements_covered_display": "76"}, "missing_lines": [29, 30, 32, 149, 150, 151, 156, 157, 158, 173, 174, 175, 176, 180, 202, 203, 228, 233, 234, 235, 236, 237, 238, 239, 269, 270], "excluded_lines": [], "start_line": 1}}}, "C:\\Users\\jkj62.CLRC\\Documents\\GitHub\\laura\\laura\\Importers\\__init__.py": {"executed_lines": [], "summary": {"covered_lines": 0, "num_statements": 0, "percent_covered": 100.0, "percent_covered_display": "100", "missing_lines": 0, "excluded_lines": 0, "percent_statements_covered": 100.0, "percent_statements_covered_display": "100"}, "missing_lines": [], "excluded_lines": [], "functions": {"": {"executed_lines": [], "summary": {"covered_lines": 0, "num_statements": 0, "percent_covered": 100.0, "percent_covered_display": "100", "missing_lines": 0, "excluded_lines": 0, "percent_statements_covered": 100.0, "percent_statements_covered_display": "100"}, "missing_lines": [], "excluded_lines": [], "start_line": 1}}, "classes": {"": {"executed_lines": [], "summary": {"covered_lines": 0, "num_statements": 0, "percent_covered": 100.0, "percent_covered_display": "100", "missing_lines": 0, "excluded_lines": 0, "percent_statements_covered": 100.0, "percent_statements_covered_display": "100"}, "missing_lines": [], "excluded_lines": [], "start_line": 1}}}, "C:\\Users\\jkj62.CLRC\\Documents\\GitHub\\laura\\laura\\__init__.py": {"executed_lines": [1, 2, 3, 4, 6], "summary": {"covered_lines": 5, "num_statements": 5, "percent_covered": 100.0, "percent_covered_display": "100", "missing_lines": 0, "excluded_lines": 0, "percent_statements_covered": 100.0, "percent_statements_covered_display": "100"}, "missing_lines": [], "excluded_lines": [], "functions": {"": {"executed_lines": [1, 2, 3, 4, 6], "summary": {"covered_lines": 5, "num_statements": 5, "percent_covered": 100.0, "percent_covered_display": "100", "missing_lines": 0, "excluded_lines": 0, "percent_statements_covered": 100.0, "percent_statements_covered_display": "100"}, "missing_lines": [], "excluded_lines": [], "start_line": 1}}, "classes": {"": {"executed_lines": [1, 2, 3, 4, 6], "summary": {"covered_lines": 5, "num_statements": 5, "percent_covered": 100.0, "percent_covered_display": "100", "missing_lines": 0, "excluded_lines": 0, "percent_statements_covered": 100.0, "percent_statements_covered_display": "100"}, "missing_lines": [], "excluded_lines": [], "start_line": 1}}}, "C:\\Users\\jkj62.CLRC\\Documents\\GitHub\\laura\\laura\\debug_wrapper.py": {"executed_lines": [], "summary": {"covered_lines": 0, "num_statements": 13, "percent_covered": 0.0, "percent_covered_display": "0", "missing_lines": 13, "excluded_lines": 0, "percent_statements_covered": 0.0, "percent_statements_covered_display": "0"}, "missing_lines": [1, 2, 4, 6, 13, 14, 15, 16, 17, 18, 19, 20, 22], "excluded_lines": [], "functions": {"debug": {"executed_lines": [], "summary": {"covered_lines": 0, "num_statements": 2, "percent_covered": 0.0, "percent_covered_display": "0", "missing_lines": 2, "excluded_lines": 0, "percent_statements_covered": 0.0, "percent_statements_covered_display": "0"}, "missing_lines": [14, 22], "excluded_lines": [], "start_line": 13}, "debug.wrapper": {"executed_lines": [], "summary": {"covered_lines": 0, "num_statements": 6, "percent_covered": 0.0, "percent_covered_display": "0", "missing_lines": 6, "excluded_lines": 0, "percent_statements_covered": 0.0, "percent_statements_covered_display": "0"}, "missing_lines": [15, 16, 17, 18, 19, 20], "excluded_lines": [], "start_line": 14}, "": {"executed_lines": [], "summary": {"covered_lines": 0, "num_statements": 5, "percent_covered": 0.0, "percent_covered_display": "0", "missing_lines": 5, "excluded_lines": 0, "percent_statements_covered": 0.0, "percent_statements_covered_display": "0"}, "missing_lines": [1, 2, 4, 6, 13], "excluded_lines": [], "start_line": 1}}, "classes": {"": {"executed_lines": [], "summary": {"covered_lines": 0, "num_statements": 13, "percent_covered": 0.0, "percent_covered_display": "0", "missing_lines": 13, "excluded_lines": 0, "percent_statements_covered": 0.0, "percent_statements_covered_display": "0"}, "missing_lines": [1, 2, 4, 6, 13, 14, 15, 16, 17, 18, 19, 20, 22], "excluded_lines": [], "start_line": 1}}}, "C:\\Users\\jkj62.CLRC\\Documents\\GitHub\\laura\\laura\\laura.py": {"executed_lines": [7, 8, 9, 10, 11, 12, 13, 14, 16, 17, 18, 19, 25, 26, 28, 33, 37, 40, 41, 44, 46, 47, 50, 57, 58, 61, 62, 64, 65, 67, 68, 69, 73, 75, 76, 77, 94, 96, 97, 98, 99, 100, 102, 104, 105, 106, 109, 111, 113, 114, 115, 120, 121, 125, 126, 129, 130, 131, 132, 134, 135, 139, 140, 141, 144, 146, 157, 158, 159, 160, 162, 166, 167, 168, 169, 170, 171, 172, 173, 174, 178, 179, 180, 181, 182, 183, 184, 185, 190, 191, 192, 193, 194, 204, 205, 207, 218, 222, 225, 236, 237, 241, 242, 243, 244, 245, 246, 247, 249, 264, 275, 279, 298, 309, 317, 336, 358, 380, 391, 395, 413, 424, 432, 443, 451, 477, 505, 533, 561, 584, 603, 614, 622, 633, 641, 656, 675, 687, 704, 705, 710, 712, 713, 720, 721, 726, 728, 729, 739, 740, 745, 750, 751, 761, 762, 775, 776, 789, 790, 795, 797, 798, 803, 808, 809, 814, 819, 820, 830, 831, 847, 848, 868, 869, 889, 890, 910, 911, 916, 921, 922, 927, 932, 933, 940, 941], "summary": {"covered_lines": 186, "num_statements": 249, "percent_covered": 74.6987951807229, "percent_covered_display": "75", "missing_lines": 63, "excluded_lines": 0, "percent_statements_covered": 74.6987951807229, "percent_statements_covered_display": "75"}, "missing_lines": [30, 34, 74, 78, 83, 84, 85, 86, 87, 89, 93, 101, 103, 107, 116, 117, 118, 122, 123, 124, 137, 138, 186, 187, 188, 189, 223, 260, 290, 328, 347, 369, 406, 407, 458, 462, 466, 468, 469, 473, 475, 488, 499, 516, 523, 544, 551, 572, 595, 652, 667, 718, 734, 756, 767, 781, 825, 836, 853, 874, 895, 938, 946], "excluded_lines": [], "functions": {"flatten": {"executed_lines": [], "summary": {"covered_lines": 0, "num_statements": 1, "percent_covered": 0.0, "percent_covered_display": "0", "missing_lines": 1, "excluded_lines": 0, "percent_statements_covered": 0.0, "percent_statements_covered_display": "0"}, "missing_lines": [30], "excluded_lines": [], "start_line": 28}, "add_bool": {"executed_lines": [], "summary": {"covered_lines": 0, "num_statements": 1, "percent_covered": 0.0, "percent_covered_display": "0", "missing_lines": 1, "excluded_lines": 0, "percent_statements_covered": 0.0, "percent_statements_covered_display": "0"}, "missing_lines": [34], "excluded_lines": [], "start_line": 33}, "dot": {"executed_lines": [41], "summary": {"covered_lines": 1, "num_statements": 1, "percent_covered": 100.0, "percent_covered_display": "100", "missing_lines": 0, "excluded_lines": 0, "percent_statements_covered": 100.0, "percent_statements_covered_display": "100"}, "missing_lines": [], "excluded_lines": [], "start_line": 40}, "chunks": {"executed_lines": [46, 47], "summary": {"covered_lines": 2, "num_statements": 2, "percent_covered": 100.0, "percent_covered_display": "100", "missing_lines": 0, "excluded_lines": 0, "percent_statements_covered": 100.0, "percent_statements_covered_display": "100"}, "missing_lines": [], "excluded_lines": [], "start_line": 44}, "LAURA._resolve_lattice_package": {"executed_lines": [73, 75, 76, 77], "summary": {"covered_lines": 4, "num_statements": 13, "percent_covered": 30.76923076923077, "percent_covered_display": "31", "missing_lines": 9, "excluded_lines": 0, "percent_statements_covered": 30.76923076923077, "percent_statements_covered_display": "31"}, "missing_lines": [74, 78, 83, 84, 85, 86, 87, 89, 93], "excluded_lines": [], "start_line": 69}, "LAURA.validate_element_list": {"executed_lines": [99, 100, 102, 104, 105, 106, 109, 111], "summary": {"covered_lines": 8, "num_statements": 11, "percent_covered": 72.72727272727273, "percent_covered_display": "73", "missing_lines": 3, "excluded_lines": 0, "percent_statements_covered": 72.72727272727273, "percent_statements_covered_display": "73"}, "missing_lines": [101, 103, 107], "excluded_lines": [], "start_line": 98}, "LAURA.model_post_init": {"executed_lines": [114, 115, 120, 121, 125, 126, 129, 130, 131, 132, 134, 135, 139, 140, 141, 144], "summary": {"covered_lines": 16, "num_statements": 24, "percent_covered": 66.66666666666667, "percent_covered_display": "67", "missing_lines": 8, "excluded_lines": 0, "percent_statements_covered": 66.66666666666667, "percent_statements_covered_display": "67"}, "missing_lines": [116, 117, 118, 122, 123, 124, 137, 138], "excluded_lines": [], "start_line": 113}, "LAURA.createDrifts": {"executed_lines": [157, 158, 159, 160, 162, 166, 167, 168, 169, 170, 171, 172, 173, 174, 178, 179, 180, 181, 182, 183, 184, 185, 190, 191, 192, 193, 194, 204, 205], "summary": {"covered_lines": 29, "num_statements": 33, "percent_covered": 87.87878787878788, "percent_covered_display": "88", "missing_lines": 4, "excluded_lines": 0, "percent_statements_covered": 87.87878787878788, "percent_statements_covered_display": "88"}, "missing_lines": [186, 187, 188, 189], "excluded_lines": [], "start_line": 146}, "LAURA.get_elements": {"executed_lines": [218], "summary": {"covered_lines": 1, "num_statements": 1, "percent_covered": 100.0, "percent_covered_display": "100", "missing_lines": 0, "excluded_lines": 0, "percent_statements_covered": 100.0, "percent_statements_covered_display": "100"}, "missing_lines": [], "excluded_lines": [], "start_line": 207}, "LAURA._drift_length": {"executed_lines": [], "summary": {"covered_lines": 0, "num_statements": 1, "percent_covered": 0.0, "percent_covered_display": "0", "missing_lines": 1, "excluded_lines": 0, "percent_statements_covered": 0.0, "percent_statements_covered_display": "0"}, "missing_lines": [223], "excluded_lines": [], "start_line": 222}, "LAURA.get_elements_s_pos": {"executed_lines": [236, 237, 241, 242, 243, 244, 245, 246, 247], "summary": {"covered_lines": 9, "num_statements": 9, "percent_covered": 100.0, "percent_covered_display": "100", "missing_lines": 0, "excluded_lines": 0, "percent_statements_covered": 100.0, "percent_statements_covered_display": "100"}, "missing_lines": [], "excluded_lines": [], "start_line": 225}, "LAURA.get_rf_cavities": {"executed_lines": [], "summary": {"covered_lines": 0, "num_statements": 1, "percent_covered": 0.0, "percent_covered_display": "0", "missing_lines": 1, "excluded_lines": 0, "percent_statements_covered": 0.0, "percent_statements_covered_display": "0"}, "missing_lines": [260], "excluded_lines": [], "start_line": 249}, "LAURA.get_diagnostics": {"executed_lines": [275], "summary": {"covered_lines": 1, "num_statements": 1, "percent_covered": 100.0, "percent_covered_display": "100", "missing_lines": 0, "excluded_lines": 0, "percent_statements_covered": 100.0, "percent_statements_covered_display": "100"}, "missing_lines": [], "excluded_lines": [], "start_line": 264}, "LAURA.get_charge_diagnostics": {"executed_lines": [], "summary": {"covered_lines": 0, "num_statements": 1, "percent_covered": 0.0, "percent_covered_display": "0", "missing_lines": 1, "excluded_lines": 0, "percent_statements_covered": 0.0, "percent_statements_covered_display": "0"}, "missing_lines": [290], "excluded_lines": [], "start_line": 279}, "LAURA.get_beam_position_monitors": {"executed_lines": [309], "summary": {"covered_lines": 1, "num_statements": 1, "percent_covered": 100.0, "percent_covered_display": "100", "missing_lines": 0, "excluded_lines": 0, "percent_statements_covered": 100.0, "percent_statements_covered_display": "100"}, "missing_lines": [], "excluded_lines": [], "start_line": 298}, "LAURA.get_position_diagnostics": {"executed_lines": [], "summary": {"covered_lines": 0, "num_statements": 1, "percent_covered": 0.0, "percent_covered_display": "0", "missing_lines": 1, "excluded_lines": 0, "percent_statements_covered": 0.0, "percent_statements_covered_display": "0"}, "missing_lines": [328], "excluded_lines": [], "start_line": 317}, "LAURA.get_cameras": {"executed_lines": [], "summary": {"covered_lines": 0, "num_statements": 1, "percent_covered": 0.0, "percent_covered_display": "0", "missing_lines": 1, "excluded_lines": 0, "percent_statements_covered": 0.0, "percent_statements_covered_display": "0"}, "missing_lines": [347], "excluded_lines": [], "start_line": 336}, "LAURA.get_screens_and_cameras": {"executed_lines": [], "summary": {"covered_lines": 0, "num_statements": 1, "percent_covered": 0.0, "percent_covered_display": "0", "missing_lines": 1, "excluded_lines": 0, "percent_statements_covered": 0.0, "percent_statements_covered_display": "0"}, "missing_lines": [369], "excluded_lines": [], "start_line": 358}, "LAURA.get_magnets": {"executed_lines": [391], "summary": {"covered_lines": 1, "num_statements": 1, "percent_covered": 100.0, "percent_covered_display": "100", "missing_lines": 0, "excluded_lines": 0, "percent_statements_covered": 100.0, "percent_statements_covered_display": "100"}, "missing_lines": [], "excluded_lines": [], "start_line": 380}, "LAURA.get_separate_magnets": {"executed_lines": [], "summary": {"covered_lines": 0, "num_statements": 2, "percent_covered": 0.0, "percent_covered_display": "0", "missing_lines": 2, "excluded_lines": 0, "percent_statements_covered": 0.0, "percent_statements_covered_display": "0"}, "missing_lines": [406, 407], "excluded_lines": [], "start_line": 395}, "LAURA.get_quadrupoles": {"executed_lines": [424], "summary": {"covered_lines": 1, "num_statements": 1, "percent_covered": 100.0, "percent_covered_display": "100", "missing_lines": 0, "excluded_lines": 0, "percent_statements_covered": 100.0, "percent_statements_covered_display": "100"}, "missing_lines": [], "excluded_lines": [], "start_line": 413}, "LAURA.get_dipoles": {"executed_lines": [443], "summary": {"covered_lines": 1, "num_statements": 1, "percent_covered": 100.0, "percent_covered_display": "100", "missing_lines": 0, "excluded_lines": 0, "percent_statements_covered": 100.0, "percent_statements_covered_display": "100"}, "missing_lines": [], "excluded_lines": [], "start_line": 432}, "LAURA.__get_combined_corrector_sub_correctors": {"executed_lines": [], "summary": {"covered_lines": 0, "num_statements": 7, "percent_covered": 0.0, "percent_covered_display": "0", "missing_lines": 7, "excluded_lines": 0, "percent_statements_covered": 0.0, "percent_statements_covered_display": "0"}, "missing_lines": [458, 462, 466, 468, 469, 473, 475], "excluded_lines": [], "start_line": 451}, "LAURA.get_correctors": {"executed_lines": [], "summary": {"covered_lines": 0, "num_statements": 2, "percent_covered": 0.0, "percent_covered_display": "0", "missing_lines": 2, "excluded_lines": 0, "percent_statements_covered": 0.0, "percent_statements_covered_display": "0"}, "missing_lines": [488, 499], "excluded_lines": [], "start_line": 477}, "LAURA.get_horizontal_correctors": {"executed_lines": [], "summary": {"covered_lines": 0, "num_statements": 2, "percent_covered": 0.0, "percent_covered_display": "0", "missing_lines": 2, "excluded_lines": 0, "percent_statements_covered": 0.0, "percent_statements_covered_display": "0"}, "missing_lines": [516, 523], "excluded_lines": [], "start_line": 505}, "LAURA.get_vertical_correctors": {"executed_lines": [], "summary": {"covered_lines": 0, "num_statements": 2, "percent_covered": 0.0, "percent_covered_display": "0", "missing_lines": 2, "excluded_lines": 0, "percent_statements_covered": 0.0, "percent_statements_covered_display": "0"}, "missing_lines": [544, 551], "excluded_lines": [], "start_line": 533}, "LAURA.get_lattice_correctors": {"executed_lines": [], "summary": {"covered_lines": 0, "num_statements": 1, "percent_covered": 0.0, "percent_covered_display": "0", "missing_lines": 1, "excluded_lines": 0, "percent_statements_covered": 0.0, "percent_statements_covered_display": "0"}, "missing_lines": [572], "excluded_lines": [], "start_line": 561}, "LAURA.get_combined_correctors": {"executed_lines": [], "summary": {"covered_lines": 0, "num_statements": 1, "percent_covered": 0.0, "percent_covered_display": "0", "missing_lines": 1, "excluded_lines": 0, "percent_statements_covered": 0.0, "percent_statements_covered_display": "0"}, "missing_lines": [595], "excluded_lines": [], "start_line": 584}, "LAURA.get_sextupoles": {"executed_lines": [614], "summary": {"covered_lines": 1, "num_statements": 1, "percent_covered": 100.0, "percent_covered_display": "100", "missing_lines": 0, "excluded_lines": 0, "percent_statements_covered": 100.0, "percent_statements_covered_display": "100"}, "missing_lines": [], "excluded_lines": [], "start_line": 603}, "LAURA.get_solenoids": {"executed_lines": [633], "summary": {"covered_lines": 1, "num_statements": 1, "percent_covered": 100.0, "percent_covered_display": "100", "missing_lines": 0, "excluded_lines": 0, "percent_statements_covered": 100.0, "percent_statements_covered_display": "100"}, "missing_lines": [], "excluded_lines": [], "start_line": 622}, "LAURA.get_vacuum_components": {"executed_lines": [], "summary": {"covered_lines": 0, "num_statements": 1, "percent_covered": 0.0, "percent_covered_display": "0", "missing_lines": 1, "excluded_lines": 0, "percent_statements_covered": 0.0, "percent_statements_covered_display": "0"}, "missing_lines": [652], "excluded_lines": [], "start_line": 641}, "LAURA.get_shutters": {"executed_lines": [], "summary": {"covered_lines": 0, "num_statements": 1, "percent_covered": 0.0, "percent_covered_display": "0", "missing_lines": 1, "excluded_lines": 0, "percent_statements_covered": 0.0, "percent_statements_covered_display": "0"}, "missing_lines": [667], "excluded_lines": [], "start_line": 656}, "LAURA.__all_elements": {"executed_lines": [687], "summary": {"covered_lines": 1, "num_statements": 1, "percent_covered": 100.0, "percent_covered_display": "100", "missing_lines": 0, "excluded_lines": 0, "percent_statements_covered": 100.0, "percent_statements_covered_display": "100"}, "missing_lines": [], "excluded_lines": [], "start_line": 675}, "LAURA.all_elements": {"executed_lines": [710], "summary": {"covered_lines": 1, "num_statements": 1, "percent_covered": 100.0, "percent_covered_display": "100", "missing_lines": 0, "excluded_lines": 0, "percent_statements_covered": 100.0, "percent_statements_covered_display": "100"}, "missing_lines": [], "excluded_lines": [], "start_line": 705}, "LAURA.all_rf_cavities": {"executed_lines": [], "summary": {"covered_lines": 0, "num_statements": 1, "percent_covered": 0.0, "percent_covered_display": "0", "missing_lines": 1, "excluded_lines": 0, "percent_statements_covered": 0.0, "percent_statements_covered_display": "0"}, "missing_lines": [718], "excluded_lines": [], "start_line": 713}, "LAURA.all_diagnostics": {"executed_lines": [726], "summary": {"covered_lines": 1, "num_statements": 1, "percent_covered": 100.0, "percent_covered_display": "100", "missing_lines": 0, "excluded_lines": 0, "percent_statements_covered": 100.0, "percent_statements_covered_display": "100"}, "missing_lines": [], "excluded_lines": [], "start_line": 721}, "LAURA.all_charge_diagnostics": {"executed_lines": [], "summary": {"covered_lines": 0, "num_statements": 1, "percent_covered": 0.0, "percent_covered_display": "0", "missing_lines": 1, "excluded_lines": 0, "percent_statements_covered": 0.0, "percent_statements_covered_display": "0"}, "missing_lines": [734], "excluded_lines": [], "start_line": 729}, "LAURA.all_beam_position_monitors": {"executed_lines": [745], "summary": {"covered_lines": 1, "num_statements": 1, "percent_covered": 100.0, "percent_covered_display": "100", "missing_lines": 0, "excluded_lines": 0, "percent_statements_covered": 100.0, "percent_statements_covered_display": "100"}, "missing_lines": [], "excluded_lines": [], "start_line": 740}, "LAURA.all_position_diagnostics": {"executed_lines": [], "summary": {"covered_lines": 0, "num_statements": 1, "percent_covered": 0.0, "percent_covered_display": "0", "missing_lines": 1, "excluded_lines": 0, "percent_statements_covered": 0.0, "percent_statements_covered_display": "0"}, "missing_lines": [756], "excluded_lines": [], "start_line": 751}, "LAURA.all_cameras": {"executed_lines": [], "summary": {"covered_lines": 0, "num_statements": 1, "percent_covered": 0.0, "percent_covered_display": "0", "missing_lines": 1, "excluded_lines": 0, "percent_statements_covered": 0.0, "percent_statements_covered_display": "0"}, "missing_lines": [767], "excluded_lines": [], "start_line": 762}, "LAURA.all_screens_and_cameras": {"executed_lines": [], "summary": {"covered_lines": 0, "num_statements": 1, "percent_covered": 0.0, "percent_covered_display": "0", "missing_lines": 1, "excluded_lines": 0, "percent_statements_covered": 0.0, "percent_statements_covered_display": "0"}, "missing_lines": [781], "excluded_lines": [], "start_line": 776}, "LAURA.all_magnets": {"executed_lines": [795], "summary": {"covered_lines": 1, "num_statements": 1, "percent_covered": 100.0, "percent_covered_display": "100", "missing_lines": 0, "excluded_lines": 0, "percent_statements_covered": 100.0, "percent_statements_covered_display": "100"}, "missing_lines": [], "excluded_lines": [], "start_line": 790}, "LAURA.all_quadrupoles": {"executed_lines": [803], "summary": {"covered_lines": 1, "num_statements": 1, "percent_covered": 100.0, "percent_covered_display": "100", "missing_lines": 0, "excluded_lines": 0, "percent_statements_covered": 100.0, "percent_statements_covered_display": "100"}, "missing_lines": [], "excluded_lines": [], "start_line": 798}, "LAURA.all_dipoles": {"executed_lines": [814], "summary": {"covered_lines": 1, "num_statements": 1, "percent_covered": 100.0, "percent_covered_display": "100", "missing_lines": 0, "excluded_lines": 0, "percent_statements_covered": 100.0, "percent_statements_covered_display": "100"}, "missing_lines": [], "excluded_lines": [], "start_line": 809}, "LAURA.all_combined_correctors": {"executed_lines": [], "summary": {"covered_lines": 0, "num_statements": 1, "percent_covered": 0.0, "percent_covered_display": "0", "missing_lines": 1, "excluded_lines": 0, "percent_statements_covered": 0.0, "percent_statements_covered_display": "0"}, "missing_lines": [825], "excluded_lines": [], "start_line": 820}, "LAURA.all_separate_magnets": {"executed_lines": [], "summary": {"covered_lines": 0, "num_statements": 1, "percent_covered": 0.0, "percent_covered_display": "0", "missing_lines": 1, "excluded_lines": 0, "percent_statements_covered": 0.0, "percent_statements_covered_display": "0"}, "missing_lines": [836], "excluded_lines": [], "start_line": 831}, "LAURA.all_correctors": {"executed_lines": [], "summary": {"covered_lines": 0, "num_statements": 1, "percent_covered": 0.0, "percent_covered_display": "0", "missing_lines": 1, "excluded_lines": 0, "percent_statements_covered": 0.0, "percent_statements_covered_display": "0"}, "missing_lines": [853], "excluded_lines": [], "start_line": 848}, "LAURA.all_horizontal_correctors": {"executed_lines": [], "summary": {"covered_lines": 0, "num_statements": 1, "percent_covered": 0.0, "percent_covered_display": "0", "missing_lines": 1, "excluded_lines": 0, "percent_statements_covered": 0.0, "percent_statements_covered_display": "0"}, "missing_lines": [874], "excluded_lines": [], "start_line": 869}, "LAURA.all_vertical_correctors": {"executed_lines": [], "summary": {"covered_lines": 0, "num_statements": 1, "percent_covered": 0.0, "percent_covered_display": "0", "missing_lines": 1, "excluded_lines": 0, "percent_statements_covered": 0.0, "percent_statements_covered_display": "0"}, "missing_lines": [895], "excluded_lines": [], "start_line": 890}, "LAURA.all_sextupoles": {"executed_lines": [916], "summary": {"covered_lines": 1, "num_statements": 1, "percent_covered": 100.0, "percent_covered_display": "100", "missing_lines": 0, "excluded_lines": 0, "percent_statements_covered": 100.0, "percent_statements_covered_display": "100"}, "missing_lines": [], "excluded_lines": [], "start_line": 911}, "LAURA.all_solenoids": {"executed_lines": [927], "summary": {"covered_lines": 1, "num_statements": 1, "percent_covered": 100.0, "percent_covered_display": "100", "missing_lines": 0, "excluded_lines": 0, "percent_statements_covered": 100.0, "percent_statements_covered_display": "100"}, "missing_lines": [], "excluded_lines": [], "start_line": 922}, "LAURA.all_vacuum_components": {"executed_lines": [], "summary": {"covered_lines": 0, "num_statements": 1, "percent_covered": 0.0, "percent_covered_display": "0", "missing_lines": 1, "excluded_lines": 0, "percent_statements_covered": 0.0, "percent_statements_covered_display": "0"}, "missing_lines": [938], "excluded_lines": [], "start_line": 933}, "LAURA.all_shutters": {"executed_lines": [], "summary": {"covered_lines": 0, "num_statements": 1, "percent_covered": 0.0, "percent_covered_display": "0", "missing_lines": 1, "excluded_lines": 0, "percent_statements_covered": 0.0, "percent_statements_covered_display": "0"}, "missing_lines": [946], "excluded_lines": [], "start_line": 941}, "": {"executed_lines": [7, 8, 9, 10, 11, 12, 13, 14, 16, 17, 18, 19, 25, 26, 28, 33, 37, 40, 44, 50, 57, 58, 61, 62, 64, 65, 67, 68, 69, 94, 96, 97, 98, 113, 146, 207, 222, 225, 249, 264, 279, 298, 317, 336, 358, 380, 395, 413, 432, 451, 477, 505, 533, 561, 584, 603, 622, 641, 656, 675, 704, 705, 712, 713, 720, 721, 728, 729, 739, 740, 750, 751, 761, 762, 775, 776, 789, 790, 797, 798, 808, 809, 819, 820, 830, 831, 847, 848, 868, 869, 889, 890, 910, 911, 921, 922, 932, 933, 940, 941], "summary": {"covered_lines": 100, "num_statements": 100, "percent_covered": 100.0, "percent_covered_display": "100", "missing_lines": 0, "excluded_lines": 0, "percent_statements_covered": 100.0, "percent_statements_covered_display": "100"}, "missing_lines": [], "excluded_lines": [], "start_line": 1}}, "classes": {"LAURA": {"executed_lines": [73, 75, 76, 77, 99, 100, 102, 104, 105, 106, 109, 111, 114, 115, 120, 121, 125, 126, 129, 130, 131, 132, 134, 135, 139, 140, 141, 144, 157, 158, 159, 160, 162, 166, 167, 168, 169, 170, 171, 172, 173, 174, 178, 179, 180, 181, 182, 183, 184, 185, 190, 191, 192, 193, 194, 204, 205, 218, 236, 237, 241, 242, 243, 244, 245, 246, 247, 275, 309, 391, 424, 443, 614, 633, 687, 710, 726, 745, 795, 803, 814, 916, 927], "summary": {"covered_lines": 83, "num_statements": 144, "percent_covered": 57.638888888888886, "percent_covered_display": "58", "missing_lines": 61, "excluded_lines": 0, "percent_statements_covered": 57.638888888888886, "percent_statements_covered_display": "58"}, "missing_lines": [74, 78, 83, 84, 85, 86, 87, 89, 93, 101, 103, 107, 116, 117, 118, 122, 123, 124, 137, 138, 186, 187, 188, 189, 223, 260, 290, 328, 347, 369, 406, 407, 458, 462, 466, 468, 469, 473, 475, 488, 499, 516, 523, 544, 551, 572, 595, 652, 667, 718, 734, 756, 767, 781, 825, 836, 853, 874, 895, 938, 946], "excluded_lines": [], "start_line": 50}, "": {"executed_lines": [7, 8, 9, 10, 11, 12, 13, 14, 16, 17, 18, 19, 25, 26, 28, 33, 37, 40, 41, 44, 46, 47, 50, 57, 58, 61, 62, 64, 65, 67, 68, 69, 94, 96, 97, 98, 113, 146, 207, 222, 225, 249, 264, 279, 298, 317, 336, 358, 380, 395, 413, 432, 451, 477, 505, 533, 561, 584, 603, 622, 641, 656, 675, 704, 705, 712, 713, 720, 721, 728, 729, 739, 740, 750, 751, 761, 762, 775, 776, 789, 790, 797, 798, 808, 809, 819, 820, 830, 831, 847, 848, 868, 869, 889, 890, 910, 911, 921, 922, 932, 933, 940, 941], "summary": {"covered_lines": 103, "num_statements": 105, "percent_covered": 98.0952380952381, "percent_covered_display": "98", "missing_lines": 2, "excluded_lines": 0, "percent_statements_covered": 98.0952380952381, "percent_statements_covered_display": "98"}, "missing_lines": [30, 34], "excluded_lines": [], "start_line": 1}}}, "C:\\Users\\jkj62.CLRC\\Documents\\GitHub\\laura\\laura\\models\\RF.py": {"executed_lines": [1, 2, 4, 5, 22, 36, 41, 42, 50, 55, 58, 63, 66, 68, 71, 74, 79, 80, 83, 86, 87, 88, 91, 92, 93, 97, 98, 101, 102, 105, 112, 113, 116, 117, 118, 121, 122, 124, 125, 129, 130, 133, 134, 136, 139, 141, 167, 168, 171, 172, 175, 176], "summary": {"covered_lines": 52, "num_statements": 85, "percent_covered": 61.1764705882353, "percent_covered_display": "61", "missing_lines": 33, "excluded_lines": 0, "percent_statements_covered": 61.1764705882353, "percent_statements_covered_display": "61"}, "missing_lines": [23, 24, 25, 26, 27, 28, 29, 30, 31, 32, 33, 45, 69, 72, 75, 76, 89, 94, 126, 142, 143, 144, 145, 146, 149, 150, 154, 155, 156, 159, 160, 163, 164], "excluded_lines": [], "functions": {"_coerce_pid_range": {"executed_lines": [], "summary": {"covered_lines": 0, "num_statements": 11, "percent_covered": 0.0, "percent_covered_display": "0", "missing_lines": 11, "excluded_lines": 0, "percent_statements_covered": 0.0, "percent_statements_covered_display": "0"}, "missing_lines": [23, 24, 25, 26, 27, 28, 29, 30, 31, 32, 33], "excluded_lines": [], "start_line": 22}, "RFCavityElement.model_post_init": {"executed_lines": [42], "summary": {"covered_lines": 1, "num_statements": 2, "percent_covered": 50.0, "percent_covered_display": "50", "missing_lines": 1, "excluded_lines": 0, "percent_statements_covered": 50.0, "percent_statements_covered_display": "50"}, "missing_lines": [45], "excluded_lines": [], "start_line": 41}, "PIDPhaseRange.__str__": {"executed_lines": [], "summary": {"covered_lines": 0, "num_statements": 1, "percent_covered": 0.0, "percent_covered_display": "0", "missing_lines": 1, "excluded_lines": 0, "percent_statements_covered": 0.0, "percent_statements_covered_display": "0"}, "missing_lines": [69], "excluded_lines": [], "start_line": 68}, "PIDPhaseRange.__repr__": {"executed_lines": [], "summary": {"covered_lines": 0, "num_statements": 1, "percent_covered": 0.0, "percent_covered_display": "0", "missing_lines": 1, "excluded_lines": 0, "percent_statements_covered": 0.0, "percent_statements_covered_display": "0"}, "missing_lines": [72], "excluded_lines": [], "start_line": 71}, "PIDPhaseRange.__iter__": {"executed_lines": [], "summary": {"covered_lines": 0, "num_statements": 2, "percent_covered": 0.0, "percent_covered_display": "0", "missing_lines": 2, "excluded_lines": 0, "percent_statements_covered": 0.0, "percent_statements_covered_display": "0"}, "missing_lines": [75, 76], "excluded_lines": [], "start_line": 74}, "PIDElement.validate_phase_range": {"executed_lines": [], "summary": {"covered_lines": 0, "num_statements": 1, "percent_covered": 0.0, "percent_covered_display": "0", "missing_lines": 1, "excluded_lines": 0, "percent_statements_covered": 0.0, "percent_statements_covered_display": "0"}, "missing_lines": [89], "excluded_lines": [], "start_line": 88}, "PIDElement.validate_phase_weight_range": {"executed_lines": [], "summary": {"covered_lines": 0, "num_statements": 1, "percent_covered": 0.0, "percent_covered_display": "0", "missing_lines": 1, "excluded_lines": 0, "percent_statements_covered": 0.0, "percent_statements_covered_display": "0"}, "missing_lines": [94], "excluded_lines": [], "start_line": 93}, "LLRFChannelsBase.phases": {"executed_lines": [], "summary": {"covered_lines": 0, "num_statements": 1, "percent_covered": 0.0, "percent_covered_display": "0", "missing_lines": 1, "excluded_lines": 0, "percent_statements_covered": 0.0, "percent_statements_covered_display": "0"}, "missing_lines": [126], "excluded_lines": [], "start_line": 125}, "Low_Level_RF_Element._create_LLRFChannels_Model": {"executed_lines": [], "summary": {"covered_lines": 0, "num_statements": 14, "percent_covered": 0.0, "percent_covered_display": "0", "missing_lines": 14, "excluded_lines": 0, "percent_statements_covered": 0.0, "percent_statements_covered_display": "0"}, "missing_lines": [142, 143, 144, 145, 146, 149, 150, 154, 155, 156, 159, 160, 163, 164], "excluded_lines": [], "start_line": 141}, "": {"executed_lines": [1, 2, 4, 5, 22, 36, 41, 50, 55, 58, 63, 66, 68, 71, 74, 79, 80, 83, 86, 87, 88, 91, 92, 93, 97, 98, 101, 102, 105, 112, 113, 116, 117, 118, 121, 122, 124, 125, 129, 130, 133, 134, 136, 139, 141, 167, 168, 171, 172, 175, 176], "summary": {"covered_lines": 51, "num_statements": 51, "percent_covered": 100.0, "percent_covered_display": "100", "missing_lines": 0, "excluded_lines": 0, "percent_statements_covered": 100.0, "percent_statements_covered_display": "100"}, "missing_lines": [], "excluded_lines": [], "start_line": 1}}, "classes": {"RFCavityElement": {"executed_lines": [42], "summary": {"covered_lines": 1, "num_statements": 2, "percent_covered": 50.0, "percent_covered_display": "50", "missing_lines": 1, "excluded_lines": 0, "percent_statements_covered": 50.0, "percent_statements_covered_display": "50"}, "missing_lines": [45], "excluded_lines": [], "start_line": 36}, "WakefieldElement": {"executed_lines": [], "summary": {"covered_lines": 0, "num_statements": 0, "percent_covered": 100.0, "percent_covered_display": "100", "missing_lines": 0, "excluded_lines": 0, "percent_statements_covered": 100.0, "percent_statements_covered_display": "100"}, "missing_lines": [], "excluded_lines": [], "start_line": 50}, "RFDeflectingCavityElement": {"executed_lines": [], "summary": {"covered_lines": 0, "num_statements": 0, "percent_covered": 100.0, "percent_covered_display": "100", "missing_lines": 0, "excluded_lines": 0, "percent_statements_covered": 100.0, "percent_statements_covered_display": "100"}, "missing_lines": [], "excluded_lines": [], "start_line": 58}, "PIDPhaseRange": {"executed_lines": [], "summary": {"covered_lines": 0, "num_statements": 4, "percent_covered": 0.0, "percent_covered_display": "0", "missing_lines": 4, "excluded_lines": 0, "percent_statements_covered": 0.0, "percent_statements_covered_display": "0"}, "missing_lines": [69, 72, 75, 76], "excluded_lines": [], "start_line": 66}, "PIDWeightRange": {"executed_lines": [], "summary": {"covered_lines": 0, "num_statements": 0, "percent_covered": 100.0, "percent_covered_display": "100", "missing_lines": 0, "excluded_lines": 0, "percent_statements_covered": 100.0, "percent_statements_covered_display": "100"}, "missing_lines": [], "excluded_lines": [], "start_line": 79}, "PIDElement": {"executed_lines": [], "summary": {"covered_lines": 0, "num_statements": 2, "percent_covered": 0.0, "percent_covered_display": "0", "missing_lines": 2, "excluded_lines": 0, "percent_statements_covered": 0.0, "percent_statements_covered_display": "0"}, "missing_lines": [89, 94], "excluded_lines": [], "start_line": 83}, "Trace": {"executed_lines": [], "summary": {"covered_lines": 0, "num_statements": 0, "percent_covered": 100.0, "percent_covered_display": "100", "missing_lines": 0, "excluded_lines": 0, "percent_statements_covered": 100.0, "percent_statements_covered_display": "100"}, "missing_lines": [], "excluded_lines": [], "start_line": 97}, "ChannelNames": {"executed_lines": [], "summary": {"covered_lines": 0, "num_statements": 0, "percent_covered": 100.0, "percent_covered_display": "100", "missing_lines": 0, "excluded_lines": 0, "percent_statements_covered": 100.0, "percent_statements_covered_display": "100"}, "missing_lines": [], "excluded_lines": [], "start_line": 101}, "LLRFChannelIndex": {"executed_lines": [], "summary": {"covered_lines": 0, "num_statements": 0, "percent_covered": 100.0, "percent_covered_display": "100", "missing_lines": 0, "excluded_lines": 0, "percent_statements_covered": 100.0, "percent_statements_covered_display": "100"}, "missing_lines": [], "excluded_lines": [], "start_line": 116}, "LLRFChannelsBase": {"executed_lines": [], "summary": {"covered_lines": 0, "num_statements": 1, "percent_covered": 0.0, "percent_covered_display": "0", "missing_lines": 1, "excluded_lines": 0, "percent_statements_covered": 0.0, "percent_statements_covered_display": "0"}, "missing_lines": [126], "excluded_lines": [], "start_line": 121}, "LLRFTiming": {"executed_lines": [], "summary": {"covered_lines": 0, "num_statements": 0, "percent_covered": 100.0, "percent_covered_display": "100", "missing_lines": 0, "excluded_lines": 0, "percent_statements_covered": 100.0, "percent_statements_covered_display": "100"}, "missing_lines": [], "excluded_lines": [], "start_line": 129}, "LLRFTimings": {"executed_lines": [], "summary": {"covered_lines": 0, "num_statements": 0, "percent_covered": 100.0, "percent_covered_display": "100", "missing_lines": 0, "excluded_lines": 0, "percent_statements_covered": 100.0, "percent_statements_covered_display": "100"}, "missing_lines": [], "excluded_lines": [], 
[...]
, 525, 529, 533, 537, 538, 541, 542, 546], "excluded_lines": [], "start_line": 1}}, "classes": {"UnitValue": {"executed_lines": [], "summary": {"covered_lines": 0, "num_statements": 104, "percent_covered": 0.0, "percent_covered_display": "0", "missing_lines": 104, "excluded_lines": 0, "percent_statements_covered": 0.0, "percent_statements_covered_display": "0"}, "missing_lines": [344, 345, 346, 347, 348, 351, 352, 353, 356, 378, 379, 380, 381, 385, 387, 391, 392, 393, 395, 397, 398, 400, 402, 403, 404, 408, 409, 413, 415, 419, 423, 424, 425, 426, 427, 428, 432, 436, 439, 440, 441, 442, 443, 446, 449, 451, 456, 457, 458, 459, 460, 461, 464, 465, 466, 467, 468, 470, 473, 474, 477, 478, 481, 482, 485, 486, 487, 488, 489, 492, 494, 497, 498, 501, 502, 505, 506, 507, 508, 509, 512, 513, 514, 515, 518, 519, 522, 523, 526, 527, 530, 531, 534, 535, 539, 543, 544, 547, 548, 549, 550, 551, 552, 553], "excluded_lines": [], "start_line": 338}, "": {"executed_lines": [], "summary": {"covered_lines": 0, "num_statements": 216, "percent_covered": 0.0, "percent_covered_display": "0", "missing_lines": 216, "excluded_lines": 0, "percent_statements_covered": 0.0, "percent_statements_covered_display": "0"}, "missing_lines": [1, 2, 3, 4, 6, 7, 8, 9, 12, 35, 37, 61, 63, 79, 91, 92, 94, 96, 97, 99, 101, 102, 103, 106, 117, 118, 119, 120, 122, 123, 125, 127, 130, 132, 133, 134, 135, 136, 137, 138, 139, 140, 141, 142, 143, 146, 148, 149, 150, 151, 152, 153, 154, 155, 156, 159, 161, 162, 163, 164, 165, 166, 167, 168, 169, 170, 173, 175, 176, 177, 178, 179, 180, 181, 182, 183, 184, 185, 186, 187, 188, 189, 190, 191, 192, 194, 196, 197, 198, 199, 200, 201, 202, 203, 205, 207, 208, 209, 210, 211, 212, 213, 214, 215, 216, 217, 218, 219, 220, 221, 222, 223, 224, 225, 226, 227, 228, 229, 230, 231, 232, 233, 234, 235, 236, 237, 238, 239, 240, 241, 242, 243, 244, 245, 246, 248, 250, 251, 252, 255, 262, 263, 264, 265, 266, 267, 268, 269, 270, 271, 272, 274, 275, 278, 280, 281, 282, 283, 284, 285, 287, 289, 290, 293, 294, 296, 302, 304, 305, 307, 308, 309, 310, 312, 314, 317, 319, 320, 323, 324, 325, 328, 329, 334, 335, 338, 341, 343, 350, 371, 421, 430, 431, 434, 435, 438, 455, 463, 472, 476, 480, 484, 496, 500, 504, 511, 517, 521, 525, 529, 533, 537, 538, 541, 542, 546], "excluded_lines": [], "start_line": 1}}}, "C:\\Users\\jkj62.CLRC\\Documents\\GitHub\\laura\\laura\\utils\\__init__.py": {"executed_lines": [14, 15, 21, 22, 23, 31], "summary": {"covered_lines": 6, "num_statements": 6, "percent_covered": 100.0, "percent_covered_display": "100", "missing_lines": 0, "excluded_lines": 0, "percent_statements_covered": 100.0, "percent_statements_covered_display": "100"}, "missing_lines": [], "excluded_lines": [], "functions": {"": {"executed_lines": [14, 15, 21, 22, 23, 31], "summary": {"covered_lines": 6, "num_statements": 6, "percent_covered": 100.0, "percent_covered_display": "100", "missing_lines": 0, "excluded_lines": 0, "percent_statements_covered": 100.0, "percent_statements_covered_display": "100"}, "missing_lines": [], "excluded_lines": [], "start_line": 1}}, "classes": {"": {"executed_lines": [14, 15, 21, 22, 23, 31], "summary": {"covered_lines": 6, "num_statements": 6, "percent_covered": 100.0, "percent_covered_display": "100", "missing_lines": 0, "excluded_lines": 0, "percent_statements_covered": 100.0, "percent_statements_covered_display": "100"}, "missing_lines": [], "excluded_lines": [], "start_line": 1}}}, "C:\\Users\\jkj62.CLRC\\Documents\\GitHub\\laura\\laura\\utils\\cascading_access.py": {"executed_lines": [11, 12, 13, 16, 31, 42, 44, 45, 67, 70, 71, 72, 75, 76, 79, 80, 83, 84, 85, 86, 87, 88, 89, 90, 96, 97, 100, 109, 110, 111, 113, 115, 117, 118, 119, 123, 124, 126, 128, 131, 132, 133, 139, 141, 151, 152, 156, 158, 159, 164, 165, 166, 171, 173, 182, 185, 186, 187, 190, 191, 196, 197, 200, 201, 202, 207], "summary": {"covered_lines": 66, "num_statements": 76, "percent_covered": 86.84210526315789, "percent_covered_display": "87", "missing_lines": 10, "excluded_lines": 1, "percent_statements_covered": 86.84210526315789, "percent_statements_covered_display": "87"}, "missing_lines": [93, 94, 105, 106, 120, 134, 192, 193, 194, 198], "excluded_lines": [17], "functions": {"CascadingAccessMixin._resolve_attribute_path": {"executed_lines": [42], "summary": {"covered_lines": 1, "num_statements": 1, "percent_covered": 100.0, "percent_covered_display": "100", "missing_lines": 0, "excluded_lines": 0, "percent_statements_covered": 100.0, "percent_statements_covered_display": "100"}, "missing_lines": [], "excluded_lines": [], "start_line": 31}, "CascadingAccessMixin._find_field_paths": {"executed_lines": [67, 70, 71, 72, 75, 76, 79, 80, 83, 84, 85, 86, 87, 88, 89, 90, 96, 97, 100, 109, 110, 111, 113], "summary": {"covered_lines": 23, "num_statements": 27, "percent_covered": 85.18518518518519, "percent_covered_display": "85", "missing_lines": 4, "excluded_lines": 0, "percent_statements_covered": 85.18518518518519, "percent_statements_covered_display": "85"}, "missing_lines": [93, 94, 105, 106], "excluded_lines": [], "start_line": 45}, "CascadingAccessMixin._get_nested_attribute": {"executed_lines": [117, 118, 119, 123, 124], "summary": {"covered_lines": 5, "num_statements": 6, "percent_covered": 83.33333333333333, "percent_covered_display": "83", "missing_lines": 1, "excluded_lines": 0, "percent_statements_covered": 83.33333333333333, "percent_statements_covered_display": "83"}, "missing_lines": [120], "excluded_lines": [], "start_line": 115}, "CascadingAccessMixin._set_nested_attribute": {"executed_lines": [128, 131, 132, 133, 139], "summary": {"covered_lines": 5, "num_statements": 6, "percent_covered": 83.33333333333333, "percent_covered_display": "83", "missing_lines": 1, "excluded_lines": 0, "percent_statements_covered": 83.33333333333333, "percent_statements_covered_display": "83"}, "missing_lines": [134], "excluded_lines": [], "start_line": 126}, "CascadingAccessMixin.__getattr__": {"executed_lines": [151, 152, 156, 158, 159, 164, 165, 166, 171], "summary": {"covered_lines": 9, "num_statements": 9, "percent_covered": 100.0, "percent_covered_display": "100", "missing_lines": 0, "excluded_lines": 0, "percent_statements_covered": 100.0, "percent_statements_covered_display": "100"}, "missing_lines": [], "excluded_lines": [], "start_line": 141}, "CascadingAccessMixin.__setattr__": {"executed_lines": [182, 185, 186, 187, 190, 191, 196, 197, 200, 201, 202, 207], "summary": {"covered_lines": 12, "num_statements": 16, "percent_covered": 75.0, "percent_covered_display": "75", "missing_lines": 4, "excluded_lines": 0, "percent_statements_covered": 75.0, "percent_statements_covered_display": "75"}, "missing_lines": [192, 193, 194, 198], "excluded_lines": [], "start_line": 173}, "": {"executed_lines": [11, 12, 13, 16, 31, 44, 45, 115, 126, 141, 173], "summary": {"covered_lines": 11, "num_statements": 11, "percent_covered": 100.0, "percent_covered_display": "100", "missing_lines": 0, "excluded_lines": 1, "percent_statements_covered": 100.0, "percent_statements_covered_display": "100"}, "missing_lines": [], "excluded_lines": [17], "start_line": 1}}, "classes": {"CascadingAccessMixin": {"executed_lines": [42, 67, 70, 71, 72, 75, 76, 79, 80, 83, 84, 85, 86, 87, 88, 89, 90, 96, 97, 100, 109, 110, 111, 113, 117, 118, 119, 123, 124, 128, 131, 132, 133, 139, 151, 152, 156, 158, 159, 164, 165, 166, 171, 182, 185, 186, 187, 190, 191, 196, 197, 200, 201, 202, 207], "summary": {"covered_lines": 55, "num_statements": 65, "percent_covered": 84.61538461538461, "percent_covered_display": "85", "missing_lines": 10, "excluded_lines": 0, "percent_statements_covered": 84.61538461538461, "percent_statements_covered_display": "85"}, "missing_lines": [93, 94, 105, 106, 120, 134, 192, 193, 194, 198], "excluded_lines": [], "start_line": 16}, "": {"executed_lines": [11, 12, 13, 16, 31, 44, 45, 115, 126, 141, 173], "summary": {"covered_lines": 11, "num_statements": 11, "percent_covered": 100.0, "percent_covered_display": "100", "missing_lines": 0, "excluded_lines": 1, "percent_statements_covered": 100.0, "percent_statements_covered_display": "100"}, "missing_lines": [], "excluded_lines": [17], "start_line": 1}}}, "C:\\Users\\jkj62.CLRC\\Documents\\GitHub\\laura\\laura\\utils\\dict_utils.py": {"executed_lines": [7, 8, 11, 31, 32, 33, 34, 35, 36, 40, 41, 44, 47, 50, 53, 56, 61, 67, 68], "summary": {"covered_lines": 19, "num_statements": 21, "percent_covered": 90.47619047619048, "percent_covered_display": "90", "missing_lines": 2, "excluded_lines": 0, "percent_statements_covered": 90.47619047619048, "percent_statements_covered_display": "90"}, "missing_lines": [58, 63], "excluded_lines": [], "functions": {"flatten_dict": {"executed_lines": [31, 32, 33, 34, 35, 36, 40, 41], "summary": {"covered_lines": 8, "num_statements": 8, "percent_covered": 100.0, "percent_covered_display": "100", "missing_lines": 0, "excluded_lines": 0, "percent_statements_covered": 100.0, "percent_statements_covered_display": "100"}, "missing_lines": [], "excluded_lines": [], "start_line": 11}, "_quoted_presenter": {"executed_lines": [], "summary": {"covered_lines": 0, "num_statements": 1, "percent_covered": 0.0, "percent_covered_display": "0", "missing_lines": 1, "excluded_lines": 0, "percent_statements_covered": 0.0, "percent_statements_covered_display": "0"}, "missing_lines": [58], "excluded_lines": [], "start_line": 56}, "_flow_list_representer": {"executed_lines": [], "summary": {"covered_lines": 0, "num_statements": 1, "percent_covered": 0.0, "percent_covered_display": "0", "missing_lines": 1, "excluded_lines": 0, "percent_statements_covered": 0.0, "percent_statements_covered_display": "0"}, "missing_lines": [63], "excluded_lines": [], "start_line": 61}, "": {"executed_lines": [7, 8, 11, 44, 47, 50, 53, 56, 61, 67, 68], "summary": {"covered_lines": 11, "num_statements": 11, "percent_covered": 100.0, "percent_covered_display": "100", "missing_lines": 0, "excluded_lines": 0, "percent_statements_covered": 100.0, "percent_statements_covered_display": "100"}, "missing_lines": [], "excluded_lines": [], "start_line": 1}}, "classes": {"StringWithQuotes": {"executed_lines": [], "summary": {"covered_lines": 0, "num_statements": 0, "percent_covered": 100.0, "percent_covered_display": "100", "missing_lines": 0, "excluded_lines": 0, "percent_statements_covered": 100.0, "percent_statements_covered_display": "100"}, "missing_lines": [], "excluded_lines": [], "start_line": 44}, "FlowList": {"executed_lines": [], "summary": {"covered_lines": 0, "num_statements": 0, "percent_covered": 100.0, "percent_covered_display": "100", "missing_lines": 0, "excluded_lines": 0, "percent_statements_covered": 100.0, "percent_statements_covered_display": "100"}, "missing_lines": [], "excluded_lines": [], "start_line": 50}, "": {"executed_lines": [7, 8, 11, 31, 32, 33, 34, 35, 36, 40, 41, 44, 47, 50, 53, 56, 61, 67, 68], "summary": {"covered_lines": 19, "num_statements": 21, "percent_covered": 90.47619047619048, "percent_covered_display": "90", "missing_lines": 2, "excluded_lines": 0, "percent_statements_covered": 90.47619047619048, "percent_statements_covered_display": "90"}, "missing_lines": [58, 63], "excluded_lines": [], "start_line": 1}}}, "C:\\Users\\jkj62.CLRC\\Documents\\GitHub\\laura\\laura\\utils\\magnet_conversions.py": {"executed_lines": [8, 11, 70, 119], "summary": {"covered_lines": 4, "num_statements": 37, "percent_covered": 10.81081081081081, "percent_covered_display": "11", "missing_lines": 33, "excluded_lines": 0, "percent_statements_covered": 10.81081081081081, "percent_statements_covered_display": "11"}, "missing_lines": [35, 36, 41, 43, 46, 48, 49, 51, 52, 54, 55, 57, 58, 60, 62, 67, 93, 94, 96, 97, 100, 101, 102, 103, 104, 105, 106, 107, 108, 109, 111, 116, 137], "excluded_lines": [], "functions": {"k_to_current": {"executed_lines": [], "summary": {"covered_lines": 0, "num_statements": 16, "percent_covered": 0.0, "percent_covered_display": "0", "missing_lines": 16, "excluded_lines": 0, "percent_statements_covered": 0.0, "percent_statements_covered_display": "0"}, "missing_lines": [35, 36, 41, 43, 46, 48, 49, 51, 52, 54, 55, 57, 58, 60, 62, 67], "excluded_lines": [], "start_line": 11}, "current_to_k": {"executed_lines": [], "summary": {"covered_lines": 0, "num_statements": 16, "percent_covered": 0.0, "percent_covered_display": "0", "missing_lines": 16, "excluded_lines": 0, "percent_statements_covered": 0.0, "percent_statements_covered_display": "0"}, "missing_lines": [93, 94, 96, 97, 100, 101, 102, 103, 104, 105, 106, 107, 108, 109, 111, 116], "excluded_lines": [], "start_line": 70}, "scale_order": {"executed_lines": [], "summary": {"covered_lines": 0, "num_statements": 1, "percent_covered": 0.0, "percent_covered_display": "0", "missing_lines": 1, "excluded_lines": 0, "percent_statements_covered": 0.0, "percent_statements_covered_display": "0"}, "missing_lines": [137], "excluded_lines": [], "start_line": 119}, "": {"executed_lines": [8, 11, 70, 119], "summary": {"covered_lines": 4, "num_statements": 4, "percent_covered": 100.0, "percent_covered_display": "100", "missing_lines": 0, "excluded_lines": 0, "percent_statements_covered": 100.0, "percent_statements_covered_display": "100"}, "missing_lines": [], "excluded_lines": [], "start_line": 1}}, "classes": {"": {"executed_lines": [8, 11, 70, 119], "summary": {"covered_lines": 4, "num_statements": 37, "percent_covered": 10.81081081081081, "percent_covered_display": "11", "missing_lines": 33, "excluded_lines": 0, "percent_statements_covered": 10.81081081081081, "percent_statements_covered_display": "11"}, "missing_lines": [35, 36, 41, 43, 46, 48, 49, 51, 52, 54, 55, 57, 58, 60, 62, 67, 93, 94, 96, 97, 100, 101, 102, 103, 104, 105, 106, 107, 108, 109, 111, 116, 137], "excluded_lines": [], "start_line": 1}}}, "C:\\Users\\jkj62.CLRC\\Documents\\GitHub\\laura\\laura\\utils\\rotation_matrix.py": {"executed_lines": [8, 9, 15, 37, 38, 39, 40, 41, 42, 45, 51, 57, 64, 67, 89, 121], "summary": {"covered_lines": 16, "num_statements": 31, "percent_covered": 51.61290322580645, "percent_covered_display": "52", "missing_lines": 15, "excluded_lines": 2, "percent_statements_covered": 51.61290322580645, "percent_statements_covered_display": "52"}, "missing_lines": [80, 82, 83, 84, 86, 105, 108, 111, 112, 114, 137, 140, 143, 144, 146], "excluded_lines": [11, 12], "functions": {"euler_angles_to_rotation_matrix": {"executed_lines": [37, 38, 39, 40, 41, 42, 45, 51, 57, 64], "summary": {"covered_lines": 10, "num_statements": 10, "percent_covered": 100.0, "percent_covered_display": "100", "missing_lines": 0, "excluded_lines": 0, "percent_statements_covered": 100.0, "percent_statements_covered_display": "100"}, "missing_lines": [], "excluded_lines": [], "start_line": 15}, "position_rotated": {"executed_lines": [], "summary": {"covered_lines": 0, "num_statements": 5, "percent_covered": 0.0, "percent_covered_display": "0", "missing_lines": 5, "excluded_lines": 0, "percent_statements_covered": 0.0, "percent_statements_covered_display": "0"}, "missing_lines": [80, 82, 83, 84, 86], "excluded_lines": [], "start_line": 67}, "element_start_position": {"executed_lines": [], "summary": {"covered_lines": 0, "num_statements": 5, "percent_covered": 0.0, "percent_covered_display": "0", "missing_lines": 5, "excluded_lines": 0, "percent_statements_covered": 0.0, "percent_statements_covered_display": "0"}, "missing_lines": [105, 108, 111, 112, 114], "excluded_lines": [], "start_line": 89}, "element_end_position": {"executed_lines": [], "summary": {"covered_lines": 0, "num_statements": 5, "percent_covered": 0.0, "percent_covered_display": "0", "missing_lines": 5, "excluded_lines": 0, "percent_statements_covered": 0.0, "percent_statements_covered_display": "0"}, "missing_lines": [137, 140, 143, 144, 146], "excluded_lines": [], "start_line": 121}, "": {"executed_lines": [8, 9, 15, 67, 89, 121], "summary": {"covered_lines": 6, "num_statements": 6, "percent_covered": 100.0, "percent_covered_display": "100", "missing_lines": 0, "excluded_lines": 2, "percent_statements_covered": 100.0, "percent_statements_covered_display": "100"}, "missing_lines": [], "excluded_lines": [11, 12], "start_line": 1}}, "classes": {"": {"executed_lines": [8, 9, 15, 37, 38, 39, 40, 41, 42, 45, 51, 57, 64, 67, 89, 121], "summary": {"covered_lines": 16, "num_statements": 31, "percent_covered": 51.61290322580645, "percent_covered_display": "52", "missing_lines": 15, "excluded_lines": 2, "percent_statements_covered": 51.61290322580645, "percent_statements_covered_display": "52"}, "missing_lines": [80, 82, 83, 84, 86, 105, 108, 111, 112, 114, 137, 140, 143, 144, 146], "excluded_lines": [11, 12], "start_line": 1}}}, "C:\\Users\\jkj62.CLRC\\Documents\\GitHub\\laura\\laura\\utils\\vector_math.py": {"executed_lines": [7, 8, 14, 29, 52, 68, 84], "summary": {"covered_lines": 7, "num_statements": 22, "percent_covered": 31.818181818181817, "percent_covered_display": "32", "missing_lines": 15, "excluded_lines": 2, "percent_statements_covered": 31.818181818181817, "percent_statements_covered_display": "32"}, "missing_lines": [26, 42, 43, 45, 47, 49, 62, 63, 64, 65, 81, 98, 99, 100, 101], "excluded_lines": [10, 11], "functions": {"vector_length": {"executed_lines": [], "summary": {"covered_lines": 0, "num_statements": 1, "percent_covered": 0.0, "percent_covered_display": "0", "missing_lines": 1, "excluded_lines": 0, "percent_statements_covered": 0.0, "percent_statements_covered_display": "0"}, "missing_lines": [26], "excluded_lines": [], "start_line": 14}, "vector_angle": {"executed_lines": [], "summary": {"covered_lines": 0, "num_statements": 5, "percent_covered": 0.0, "percent_covered_display": "0", "missing_lines": 5, "excluded_lines": 0, "percent_statements_covered": 0.0, "percent_statements_covered_display": "0"}, "missing_lines": [42, 43, 45, 47, 49], "excluded_lines": [], "start_line": 29}, "normalized_vector": {"executed_lines": [], "summary": {"covered_lines": 0, "num_statements": 4, "percent_covered": 0.0, "percent_covered_display": "0", "missing_lines": 4, "excluded_lines": 0, "percent_statements_covered": 0.0, "percent_statements_covered_display": "0"}, "missing_lines": [62, 63, 64, 65], "excluded_lines": [], "start_line": 52}, "dot_product": {"executed_lines": [], "summary": {"covered_lines": 0, "num_statements": 1, "percent_covered": 0.0, "percent_covered_display": "0", "missing_lines": 1, "excluded_lines": 0, "percent_statements_covered": 0.0, "percent_statements_covered_display": "0"}, "missing_lines": [81], "excluded_lines": [], "start_line": 68}, "cross_product": {"executed_lines": [], "summary": {"covered_lines": 0, "num_statements": 4, "percent_covered": 0.0, "percent_covered_display": "0", "missing_lines": 4, "excluded_lines": 0, "percent_statements_covered": 0.0, "percent_statements_covered_display": "0"}, "missing_lines": [98, 99, 100, 101], "excluded_lines": [], "start_line": 84}, "": {"executed_lines": [7, 8, 14, 29, 52, 68, 84], "summary": {"covered_lines": 7, "num_statements": 7, "percent_covered": 100.0, "percent_covered_display": "100", "missing_lines": 0, "excluded_lines": 2, "percent_statements_covered": 100.0, "percent_statements_covered_display": "100"}, "missing_lines": [], "excluded_lines": [10, 11], "start_line": 1}}, "classes": {"": {"executed_lines": [7, 8, 14, 29, 52, 68, 84], "summary": {"covered_lines": 7, "num_statements": 22, "percent_covered": 31.818181818181817, "percent_covered_display": "32", "missing_lines": 15, "excluded_lines": 2, "percent_statements_covered": 31.818181818181817, "percent_statements_covered_display": "32"}, "missing_lines": [26, 42, 43, 45, 47, 49, 62, 63, 64, 65, 81, 98, 99, 100, 101], "excluded_lines": [10, 11], "start_line": 1}}}}, "totals": {"covered_lines": 5594, "num_statements": 11358, "percent_covered": 49.251628807888714, "percent_covered_display": "49", "missing_lines": 5764, "excluded_lines": 9, "percent_statements_covered": 49.251628807888714, "percent_statements_covered_display": "49"}}